#
# There is insufficient memory for the Java Runtime Environment to continue.
# Native memory allocation (malloc) failed to allocate 1714416 bytes. Error detail: Chunk::new
# Possible reasons:
#   The system is out of physical RAM or swap space
#   This process is running with CompressedOops enabled, and the Java Heap may be blocking the growth of the native heap
# Possible solutions:
#   Reduce memory load on the system
#   Increase physical memory or swap space
#   Check if swap backing store is full
#   Decrease Java heap size (-Xmx/-Xms)
#   Decrease number of Java threads
#   Decrease Java thread stack sizes (-Xss)
#   Set larger code cache with -XX:ReservedCodeCacheSize=
#   JVM is running with Unscaled Compressed Oops mode in which the Java heap is
#     placed in the first 4GB address space. The Java Heap base address is the
#     maximum limit for the native heap growth. Please use -XX:HeapBaseMinAddress
#     to set the Java Heap base and to place the Java Heap above 4GB virtual address.
# This output file may be truncated or incomplete.
#
#  Out of Memory Error (arena.cpp:168), pid=5052, tid=3872
#
# JRE version: OpenJDK Runtime Environment Temurin-21.0.7+6 (21.0.7+6) (build 21.0.7+6-LTS)
# Java VM: OpenJDK 64-Bit Server VM Temurin-21.0.7+6 (21.0.7+6-LTS, mixed mode, sharing, tiered, compressed oops, compressed class ptrs, parallel gc, windows-amd64)
# No core dump will be written. Minidumps are not enabled by default on client versions of Windows
#

---------------  S U M M A R Y ------------

Command Line: --add-modules=ALL-SYSTEM --add-opens=java.base/java.util=ALL-UNNAMED --add-opens=java.base/java.lang=ALL-UNNAMED --add-opens=java.base/sun.nio.fs=ALL-UNNAMED -Declipse.application=org.eclipse.jdt.ls.core.id1 -Dosgi.bundles.defaultStartLevel=4 -Declipse.product=org.eclipse.jdt.ls.core.product -Djava.import.generatesMetadataFilesAtProjectRoot=false -DDetectVMInstallationsJob.disabled=true -Dfile.encoding=utf8 -XX:+UseParallelGC -XX:GCTimeRatio=4 -XX:AdaptiveSizePolicyWeight=90 -Dsun.zip.disableMemoryMapping=true -Xmx1G -Xms100m -Xlog:disable -javaagent:c:\Users\Admin\.cursor\extensions\redhat.java-1.42.0-win32-x64\lombok\lombok-1.18.36.jar -XX:+HeapDumpOnOutOfMemoryError -XX:HeapDumpPath=c:\Users\Admin\AppData\Roaming\Cursor\User\workspaceStorage\35a13e1e22052e2fb17af876c25c1fbc\redhat.java -Daether.dependencyCollector.impl=bf c:\Users\Admin\.cursor\extensions\redhat.java-1.42.0-win32-x64\server\plugins\org.eclipse.equinox.launcher_1.7.0.v20250424-1814.jar -configuration c:\Users\Admin\AppData\Roaming\Cursor\User\globalStorage\redhat.java\1.42.0\config_win -data c:\Users\Admin\AppData\Roaming\Cursor\User\workspaceStorage\35a13e1e22052e2fb17af876c25c1fbc\redhat.java\jdt_ws --pipe=\\.\pipe\lsp-fd28fa4d9ac423dbad880214988d47cf-sock

Host: 11th Gen Intel(R) Core(TM) i5-1135G7 @ 2.40GHz, 8 cores, 7G,  Windows 11 , 64 bit Build 26100 (10.0.26100.3912)
Time: Fri Jun  6 22:18:51 2025 SE Asia Standard Time elapsed time: 38.967807 seconds (0d 0h 0m 38s)

---------------  T H R E A D  ---------------

Current thread (0x0000025e773560a0):  JavaThread "C2 CompilerThread0" daemon [_thread_in_native, id=3872, stack(0x000000861e100000,0x000000861e200000) (1024K)]


Current CompileTask:
C2:38968 8081   !   4       org.eclipse.jdt.internal.core.search.indexing.BinaryIndexer::indexDocument (1168 bytes)

Stack: [0x000000861e100000,0x000000861e200000]
Native frames: (J=compiled Java code, j=interpreted, Vv=VM code, C=native code)
V  [jvm.dll+0x6ce119]
V  [jvm.dll+0x8a84a1]
V  [jvm.dll+0x8aa9ce]
V  [jvm.dll+0x8ab0b3]
V  [jvm.dll+0x27f8a6]
V  [jvm.dll+0xc507d]
V  [jvm.dll+0xc55b3]
V  [jvm.dll+0x3b68f2]
V  [jvm.dll+0x382aa5]
V  [jvm.dll+0x381f0a]
V  [jvm.dll+0x247af0]
V  [jvm.dll+0x2470cf]
V  [jvm.dll+0x1c760e]
V  [jvm.dll+0x25695a]
V  [jvm.dll+0x254efa]
V  [jvm.dll+0x3f03f6]
V  [jvm.dll+0x851f6b]
V  [jvm.dll+0x6cc7dd]
C  [ucrtbase.dll+0x37b0]
C  [KERNEL32.DLL+0x2e8d7]
C  [ntdll.dll+0x9c5dc]


---------------  P R O C E S S  ---------------

Threads class SMR info:
_java_thread_list=0x0000025e4149eec0, length=41, elements={
0x0000025e62fa12a0, 0x0000025e6304e6b0, 0x0000025e77349c90, 0x0000025e7734df50,
0x0000025e773519c0, 0x0000025e77352410, 0x0000025e77352e60, 0x0000025e773560a0,
0x0000025e7d048b20, 0x0000025e7d0dd130, 0x0000025e7d26d3b0, 0x0000025e7d863f80,
0x0000025e7d979e10, 0x0000025e7dbd33b0, 0x0000025e7dbe4570, 0x0000025e7decb3f0,
0x0000025e7dc54380, 0x0000025e7d2ae7b0, 0x0000025e7d2aee40, 0x0000025e7d2afb60,
0x0000025e7d2b15a0, 0x0000025e7d2b01f0, 0x0000025e7d2b0880, 0x0000025e7d2b0f10,
0x0000025e4196f0a0, 0x0000025e4196f730, 0x0000025e4196fdc0, 0x0000025e4196ea10,
0x0000025e41970450, 0x0000025e41970ae0, 0x0000025e4196d660, 0x0000025e4196dcf0,
0x0000025e4196e380, 0x0000025e7f6612c0, 0x0000025e7f661950, 0x0000025e7f661fe0,
0x0000025e7f660c30, 0x0000025e7f65f880, 0x0000025e7f65f1f0, 0x0000025e7f6605a0,
0x0000025e7f663390
}

Java Threads: ( => current thread )
  0x0000025e62fa12a0 JavaThread "main"                              [_thread_blocked, id=6160, stack(0x000000861d700000,0x000000861d800000) (1024K)]
  0x0000025e6304e6b0 JavaThread "Reference Handler"          daemon [_thread_blocked, id=8316, stack(0x000000861db00000,0x000000861dc00000) (1024K)]
  0x0000025e77349c90 JavaThread "Finalizer"                  daemon [_thread_blocked, id=9320, stack(0x000000861dc00000,0x000000861dd00000) (1024K)]
  0x0000025e7734df50 JavaThread "Signal Dispatcher"          daemon [_thread_blocked, id=17432, stack(0x000000861dd00000,0x000000861de00000) (1024K)]
  0x0000025e773519c0 JavaThread "Attach Listener"            daemon [_thread_blocked, id=14948, stack(0x000000861de00000,0x000000861df00000) (1024K)]
  0x0000025e77352410 JavaThread "Service Thread"             daemon [_thread_blocked, id=11900, stack(0x000000861df00000,0x000000861e000000) (1024K)]
  0x0000025e77352e60 JavaThread "Monitor Deflation Thread"   daemon [_thread_blocked, id=19408, stack(0x000000861e000000,0x000000861e100000) (1024K)]
=>0x0000025e773560a0 JavaThread "C2 CompilerThread0"         daemon [_thread_in_native, id=3872, stack(0x000000861e100000,0x000000861e200000) (1024K)]
  0x0000025e7d048b20 JavaThread "C1 CompilerThread0"         daemon [_thread_blocked, id=9852, stack(0x000000861e200000,0x000000861e300000) (1024K)]
  0x0000025e7d0dd130 JavaThread "Common-Cleaner"             daemon [_thread_blocked, id=16800, stack(0x000000861e300000,0x000000861e400000) (1024K)]
  0x0000025e7d26d3b0 JavaThread "Notification Thread"        daemon [_thread_blocked, id=5436, stack(0x000000861e400000,0x000000861e500000) (1024K)]
  0x0000025e7d863f80 JavaThread "Active Thread: Equinox Container: b57a168e-1ea9-4020-a7f0-04c28296f843"        [_thread_blocked, id=21040, stack(0x000000861eb00000,0x000000861ec00000) (1024K)]
  0x0000025e7d979e10 JavaThread "Refresh Thread: Equinox Container: b57a168e-1ea9-4020-a7f0-04c28296f843" daemon [_thread_blocked, id=10828, stack(0x000000861ec00000,0x000000861ed00000) (1024K)]
  0x0000025e7dbd33b0 JavaThread "Framework Event Dispatcher: Equinox Container: b57a168e-1ea9-4020-a7f0-04c28296f843" daemon [_thread_blocked, id=6724, stack(0x000000861ee00000,0x000000861ef00000) (1024K)]
  0x0000025e7dbe4570 JavaThread "Start Level: Equinox Container: b57a168e-1ea9-4020-a7f0-04c28296f843" daemon [_thread_blocked, id=10872, stack(0x000000861ef00000,0x000000861f000000) (1024K)]
  0x0000025e7decb3f0 JavaThread "Bundle File Closer"         daemon [_thread_blocked, id=22216, stack(0x000000861f000000,0x000000861f100000) (1024K)]
  0x0000025e7dc54380 JavaThread "SCR Component Actor"        daemon [_thread_blocked, id=22448, stack(0x000000861f100000,0x000000861f200000) (1024K)]
  0x0000025e7d2ae7b0 JavaThread "Worker-JM"                         [_thread_blocked, id=6296, stack(0x000000861f300000,0x000000861f400000) (1024K)]
  0x0000025e7d2aee40 JavaThread "JNA Cleaner"                daemon [_thread_blocked, id=17548, stack(0x000000861f400000,0x000000861f500000) (1024K)]
  0x0000025e7d2afb60 JavaThread "Worker-0"                          [_thread_blocked, id=22188, stack(0x000000861f500000,0x000000861f600000) (1024K)]
  0x0000025e7d2b15a0 JavaThread "Worker-1: Initialize Workspace"        [_thread_blocked, id=15884, stack(0x000000861f600000,0x000000861f700000) (1024K)]
  0x0000025e7d2b01f0 JavaThread "Worker-2: Java indexing... "        [_thread_blocked, id=13676, stack(0x000000861f700000,0x000000861f800000) (1024K)]
  0x0000025e7d2b0880 JavaThread "Worker-3"                          [_thread_blocked, id=1316, stack(0x000000861f800000,0x000000861f900000) (1024K)]
  0x0000025e7d2b0f10 JavaThread "Java indexing"              daemon [_thread_in_Java, id=15024, stack(0x000000861f900000,0x000000861fa00000) (1024K)]
  0x0000025e4196f0a0 JavaThread "Worker-4"                          [_thread_blocked, id=9936, stack(0x000000861fc00000,0x000000861fd00000) (1024K)]
  0x0000025e4196f730 JavaThread "Worker-5"                          [_thread_blocked, id=7700, stack(0x000000861fd00000,0x000000861fe00000) (1024K)]
  0x0000025e4196fdc0 JavaThread "Worker-6"                          [_thread_blocked, id=22520, stack(0x000000861fe00000,0x000000861ff00000) (1024K)]
  0x0000025e4196ea10 JavaThread "Thread-2"                   daemon [_thread_in_native, id=22480, stack(0x000000861ff00000,0x0000008620000000) (1024K)]
  0x0000025e41970450 JavaThread "Thread-3"                   daemon [_thread_in_native, id=17668, stack(0x0000008620000000,0x0000008620100000) (1024K)]
  0x0000025e41970ae0 JavaThread "Thread-4"                   daemon [_thread_in_native, id=15204, stack(0x0000008620100000,0x0000008620200000) (1024K)]
  0x0000025e4196d660 JavaThread "Thread-5"                   daemon [_thread_in_native, id=7640, stack(0x0000008620200000,0x0000008620300000) (1024K)]
  0x0000025e4196dcf0 JavaThread "Thread-6"                   daemon [_thread_in_native, id=5492, stack(0x0000008620300000,0x0000008620400000) (1024K)]
  0x0000025e4196e380 JavaThread "Thread-7"                   daemon [_thread_in_native, id=20568, stack(0x0000008620400000,0x0000008620500000) (1024K)]
  0x0000025e7f6612c0 JavaThread "Thread-8"                   daemon [_thread_in_native, id=7540, stack(0x0000008620500000,0x0000008620600000) (1024K)]
  0x0000025e7f661950 JavaThread "Thread-9"                   daemon [_thread_in_native, id=10376, stack(0x0000008620600000,0x0000008620700000) (1024K)]
  0x0000025e7f661fe0 JavaThread "Thread-10"                  daemon [_thread_in_native, id=20704, stack(0x0000008620700000,0x0000008620800000) (1024K)]
  0x0000025e7f660c30 JavaThread "pool-2-thread-1"                   [_thread_blocked, id=13524, stack(0x0000008620800000,0x0000008620900000) (1024K)]
  0x0000025e7f65f880 JavaThread "WorkspaceEventsHandler"            [_thread_blocked, id=16596, stack(0x0000008620900000,0x0000008620a00000) (1024K)]
  0x0000025e7f65f1f0 JavaThread "pool-1-thread-1"                   [_thread_blocked, id=19864, stack(0x0000008620a00000,0x0000008620b00000) (1024K)]
  0x0000025e7f6605a0 JavaThread "Timer-0"                           [_thread_blocked, id=14324, stack(0x000000861f200000,0x000000861f300000) (1024K)]
  0x0000025e7f663390 JavaThread "Connection worker"                 [_thread_in_vm, id=17244, stack(0x0000008620b00000,0x0000008620c00000) (1024K)]
Total: 41

Other Threads:
  0x0000025e63036400 VMThread "VM Thread"                           [id=7440, stack(0x000000861da00000,0x000000861db00000) (1024K)]
  0x0000025e630059d0 WatcherThread "VM Periodic Task Thread"        [id=12364, stack(0x000000861d900000,0x000000861da00000) (1024K)]
  0x0000025e62fb8ab0 WorkerThread "GC Thread#0"                     [id=8564, stack(0x000000861d800000,0x000000861d900000) (1024K)]
  0x0000025e7d830180 WorkerThread "GC Thread#1"                     [id=17840, stack(0x000000861e500000,0x000000861e600000) (1024K)]
  0x0000025e7d830520 WorkerThread "GC Thread#2"                     [id=6892, stack(0x000000861e600000,0x000000861e700000) (1024K)]
  0x0000025e7d8308c0 WorkerThread "GC Thread#3"                     [id=12560, stack(0x000000861e700000,0x000000861e800000) (1024K)]
  0x0000025e7d4a6f50 WorkerThread "GC Thread#4"                     [id=9452, stack(0x000000861e800000,0x000000861e900000) (1024K)]
  0x0000025e7d4a72f0 WorkerThread "GC Thread#5"                     [id=404, stack(0x000000861e900000,0x000000861ea00000) (1024K)]
  0x0000025e7d4a7aa0 WorkerThread "GC Thread#6"                     [id=12792, stack(0x000000861ea00000,0x000000861eb00000) (1024K)]
  0x0000025e7d8a1ee0 WorkerThread "GC Thread#7"                     [id=12140, stack(0x000000861ed00000,0x000000861ee00000) (1024K)]
Total: 10

Threads with active compile tasks:
C2 CompilerThread0  39045 8081   !   4       org.eclipse.jdt.internal.core.search.indexing.BinaryIndexer::indexDocument (1168 bytes)
Total: 1

VM state: not at safepoint (normal execution)

VM Mutex/Monitor currently owned by a thread: None

Heap address: 0x00000000c0000000, size: 1024 MB, Compressed Oops mode: 32-bit

CDS archive(s) mapped at: [0x0000025e00000000-0x0000025e00ba0000-0x0000025e00ba0000), size 12189696, SharedBaseAddress: 0x0000025e00000000, ArchiveRelocationMode: 1.
Compressed class space mapped at: 0x0000025e01000000-0x0000025e41000000, reserved size: 1073741824
Narrow klass base: 0x0000025e00000000, Narrow klass shift: 0, Narrow klass range: 0x100000000

GC Precious Log:
 CardTable entry size: 512
 CPUs: 8 total, 8 available
 Memory: 7957M
 Large Page Support: Disabled
 NUMA Support: Disabled
 Compressed Oops: Enabled (32-bit)
 Alignments: Space 512K, Generation 512K, Heap 2M
 Heap Min Capacity: 100M
 Heap Initial Capacity: 100M
 Heap Max Capacity: 1G
 Pre-touch: Disabled
 Parallel Workers: 8

Heap:
 PSYoungGen      total 10240K, used 2810K [0x00000000eab00000, 0x00000000eba80000, 0x0000000100000000)
  eden space 8704K, 14% used [0x00000000eab00000,0x00000000eac422f0,0x00000000eb380000)
  from space 1536K, 99% used [0x00000000eb500000,0x00000000eb67c568,0x00000000eb680000)
  to   space 3584K, 0% used [0x00000000eb700000,0x00000000eb700000,0x00000000eba80000)
 ParOldGen       total 104960K, used 104827K [0x00000000c0000000, 0x00000000c6680000, 0x00000000eab00000)
  object space 104960K, 99% used [0x00000000c0000000,0x00000000c665ec10,0x00000000c6680000)
 Metaspace       used 55381K, committed 56768K, reserved 1114112K
  class space    used 6126K, committed 6720K, reserved 1048576K

Card table byte_map: [0x0000025e62930000,0x0000025e62b40000] _byte_map_base: 0x0000025e62330000

Marking Bits: (ParMarkBitMap*) 0x00007ffd466b31f0
 Begin Bits: [0x0000025e75180000, 0x0000025e76180000)
 End Bits:   [0x0000025e76180000, 0x0000025e77180000)

Polling page: 0x0000025e60d70000

Metaspace:

Usage:
  Non-class:     48.10 MB used.
      Class:      5.98 MB used.
       Both:     54.08 MB used.

Virtual space:
  Non-class space:       64.00 MB reserved,      48.88 MB ( 76%) committed,  1 nodes.
      Class space:        1.00 GB reserved,       6.56 MB ( <1%) committed,  1 nodes.
             Both:        1.06 GB reserved,      55.44 MB (  5%) committed. 

Chunk freelists:
   Non-Class:  15.02 MB
       Class:  9.47 MB
        Both:  24.49 MB

MaxMetaspaceSize: unlimited
CompressedClassSpaceSize: 1.00 GB
Initial GC threshold: 21.00 MB
Current GC threshold: 58.38 MB
CDS: on
 - commit_granule_bytes: 65536.
 - commit_granule_words: 8192.
 - virtual_space_node_default_size: 8388608.
 - enlarge_chunks_in_place: 1.
 - use_allocation_guard: 0.


Internal statistics:

num_allocs_failed_limit: 6.
num_arena_births: 950.
num_arena_deaths: 32.
num_vsnodes_births: 2.
num_vsnodes_deaths: 0.
num_space_committed: 887.
num_space_uncommitted: 0.
num_chunks_returned_to_freelist: 44.
num_chunks_taken_from_freelist: 3406.
num_chunk_merges: 13.
num_chunk_splits: 2176.
num_chunks_enlarged: 1319.
num_inconsistent_stats: 0.

CodeHeap 'non-profiled nmethods': size=120000Kb used=4298Kb max_used=4298Kb free=115702Kb
 bounds [0x0000025e6dc50000, 0x0000025e6e090000, 0x0000025e75180000]
CodeHeap 'profiled nmethods': size=120000Kb used=15158Kb max_used=15158Kb free=104841Kb
 bounds [0x0000025e66180000, 0x0000025e67050000, 0x0000025e6d6b0000]
CodeHeap 'non-nmethods': size=5760Kb used=1409Kb max_used=1470Kb free=4350Kb
 bounds [0x0000025e6d6b0000, 0x0000025e6d920000, 0x0000025e6dc50000]
 total_blobs=8216 nmethods=7510 adapters=612
 compilation: enabled
              stopped_count=0, restarted_count=0
 full_count=0

Compilation events (20 events):
Event: 37.419 Thread 0x0000025e7d048b20 nmethod 8079 0x0000025e67049690 code [0x0000025e67049940, 0x0000025e6704a660]
Event: 37.420 Thread 0x0000025e7d048b20 8080       3       java.net.URL::<init> (7 bytes)
Event: 37.420 Thread 0x0000025e7d048b20 nmethod 8080 0x0000025e6704ab90 code [0x0000025e6704ad40, 0x0000025e6704aef0]
Event: 37.422 Thread 0x0000025e773560a0 8081   !   4       org.eclipse.jdt.internal.core.search.indexing.BinaryIndexer::indexDocument (1168 bytes)
Event: 37.554 Thread 0x0000025e7d048b20 8085       3       sun.reflect.generics.parser.SignatureParser::parseTypeSignature (130 bytes)
Event: 37.554 Thread 0x0000025e7d048b20 nmethod 8085 0x0000025e6704b010 code [0x0000025e6704b200, 0x0000025e6704b660]
Event: 37.555 Thread 0x0000025e7d048b20 8086       1       org.gradle.internal.service.DefaultServiceRegistry::access$1400 (5 bytes)
Event: 37.555 Thread 0x0000025e7d048b20 nmethod 8086 0x0000025e6e081f10 code [0x0000025e6e0820a0, 0x0000025e6e082150]
Event: 37.672 Thread 0x0000025e7d048b20 8088       3       java.lang.reflect.Method::getGenericParameterTypes (5 bytes)
Event: 37.674 Thread 0x0000025e7d048b20 nmethod 8088 0x0000025e6704b790 code [0x0000025e6704b9c0, 0x0000025e6704c228]
Event: 37.678 Thread 0x0000025e7d048b20 8089       3       java.lang.reflect.Method::getParameterTypes (11 bytes)
Event: 37.679 Thread 0x0000025e7d048b20 nmethod 8089 0x0000025e6704c490 code [0x0000025e6704c640, 0x0000025e6704c908]
Event: 37.681 Thread 0x0000025e7d048b20 8090       1       org.gradle.internal.service.DefaultServiceRegistry$ClassInspector$ClassDetails::access$2900 (5 bytes)
Event: 37.681 Thread 0x0000025e7d048b20 nmethod 8090 0x0000025e6e082210 code [0x0000025e6e0823a0, 0x0000025e6e082450]
Event: 37.788 Thread 0x0000025e7d048b20 8092       3       org.gradle.util.internal.ArrayUtils::contains (79 bytes)
Event: 37.789 Thread 0x0000025e7d048b20 nmethod 8092 0x0000025e6704ca10 code [0x0000025e6704cc00, 0x0000025e6704d048]
Event: 37.943 Thread 0x0000025e7d048b20 8094       3       sun.net.www.protocol.file.FileURLConnection::<init> (38 bytes)
Event: 37.944 Thread 0x0000025e7d048b20 nmethod 8094 0x0000025e6704d210 code [0x0000025e6704d3e0, 0x0000025e6704d7c8]
Event: 38.959 Thread 0x0000025e7d048b20 8095       1       org.eclipse.core.runtime.NullProgressMonitor::isCanceled (5 bytes)
Event: 38.959 Thread 0x0000025e7d048b20 nmethod 8095 0x0000025e6e082510 code [0x0000025e6e0826a0, 0x0000025e6e082770]

GC Heap History (20 events):
Event: 30.730 GC heap before
{Heap before GC invocations=42 (full 2):
 PSYoungGen      total 15360K, used 15336K [0x00000000eab00000, 0x00000000ec000000, 0x0000000100000000)
  eden space 13312K, 100% used [0x00000000eab00000,0x00000000eb800000,0x00000000eb800000)
  from space 2048K, 98% used [0x00000000eb800000,0x00000000eb9fa098,0x00000000eba00000)
  to   space 4096K, 0% used [0x00000000ebc00000,0x00000000ebc00000,0x00000000ec000000)
 ParOldGen       total 86016K, used 85567K [0x00000000c0000000, 0x00000000c5400000, 0x00000000eab00000)
  object space 86016K, 99% used [0x00000000c0000000,0x00000000c538fc60,0x00000000c5400000)
 Metaspace       used 54659K, committed 56064K, reserved 1114112K
  class space    used 6010K, committed 6592K, reserved 1048576K
}
Event: 30.735 GC heap after
{Heap after GC invocations=42 (full 2):
 PSYoungGen      total 15360K, used 1885K [0x00000000eab00000, 0x00000000ebe00000, 0x0000000100000000)
  eden space 13312K, 0% used [0x00000000eab00000,0x00000000eab00000,0x00000000eb800000)
  from space 2048K, 92% used [0x00000000ebc00000,0x00000000ebdd7730,0x00000000ebe00000)
  to   space 2560K, 0% used [0x00000000eb900000,0x00000000eb900000,0x00000000ebb80000)
 ParOldGen       total 87552K, used 87491K [0x00000000c0000000, 0x00000000c5580000, 0x00000000eab00000)
  object space 87552K, 99% used [0x00000000c0000000,0x00000000c5570cb8,0x00000000c5580000)
 Metaspace       used 54659K, committed 56064K, reserved 1114112K
  class space    used 6010K, committed 6592K, reserved 1048576K
}
Event: 31.437 GC heap before
{Heap before GC invocations=43 (full 2):
 PSYoungGen      total 15360K, used 15197K [0x00000000eab00000, 0x00000000ebe00000, 0x0000000100000000)
  eden space 13312K, 100% used [0x00000000eab00000,0x00000000eb800000,0x00000000eb800000)
  from space 2048K, 92% used [0x00000000ebc00000,0x00000000ebdd7730,0x00000000ebe00000)
  to   space 2560K, 0% used [0x00000000eb900000,0x00000000eb900000,0x00000000ebb80000)
 ParOldGen       total 87552K, used 87491K [0x00000000c0000000, 0x00000000c5580000, 0x00000000eab00000)
  object space 87552K, 99% used [0x00000000c0000000,0x00000000c5570cb8,0x00000000c5580000)
 Metaspace       used 54664K, committed 56064K, reserved 1114112K
  class space    used 6010K, committed 6592K, reserved 1048576K
}
Event: 31.440 GC heap after
{Heap after GC invocations=43 (full 2):
 PSYoungGen      total 15360K, used 1815K [0x00000000eab00000, 0x00000000ebc80000, 0x0000000100000000)
  eden space 13312K, 0% used [0x00000000eab00000,0x00000000eab00000,0x00000000eb800000)
  from space 2048K, 88% used [0x00000000eb900000,0x00000000ebac5d88,0x00000000ebb00000)
  to   space 1536K, 0% used [0x00000000ebb00000,0x00000000ebb00000,0x00000000ebc80000)
 ParOldGen       total 89600K, used 89205K [0x00000000c0000000, 0x00000000c5780000, 0x00000000eab00000)
  object space 89600K, 99% used [0x00000000c0000000,0x00000000c571d768,0x00000000c5780000)
 Metaspace       used 54664K, committed 56064K, reserved 1114112K
  class space    used 6010K, committed 6592K, reserved 1048576K
}
Event: 31.985 GC heap before
{Heap before GC invocations=44 (full 2):
 PSYoungGen      total 15360K, used 15127K [0x00000000eab00000, 0x00000000ebc80000, 0x0000000100000000)
  eden space 13312K, 100% used [0x00000000eab00000,0x00000000eb800000,0x00000000eb800000)
  from space 2048K, 88% used [0x00000000eb900000,0x00000000ebac5d88,0x00000000ebb00000)
  to   space 1536K, 0% used [0x00000000ebb00000,0x00000000ebb00000,0x00000000ebc80000)
 ParOldGen       total 89600K, used 89205K [0x00000000c0000000, 0x00000000c5780000, 0x00000000eab00000)
  object space 89600K, 99% used [0x00000000c0000000,0x00000000c571d768,0x00000000c5780000)
 Metaspace       used 54665K, committed 56064K, reserved 1114112K
  class space    used 6010K, committed 6592K, reserved 1048576K
}
Event: 31.988 GC heap after
{Heap after GC invocations=44 (full 2):
 PSYoungGen      total 13824K, used 1522K [0x00000000eab00000, 0x00000000ec000000, 0x0000000100000000)
  eden space 12288K, 0% used [0x00000000eab00000,0x00000000eab00000,0x00000000eb700000)
  from space 1536K, 99% used [0x00000000ebb00000,0x00000000ebc7cb38,0x00000000ebc80000)
  to   space 4096K, 0% used [0x00000000eb700000,0x00000000eb700000,0x00000000ebb00000)
 ParOldGen       total 91136K, used 91116K [0x00000000c0000000, 0x00000000c5900000, 0x00000000eab00000)
  object space 91136K, 99% used [0x00000000c0000000,0x00000000c58fb0e8,0x00000000c5900000)
 Metaspace       used 54665K, committed 56064K, reserved 1114112K
  class space    used 6010K, committed 6592K, reserved 1048576K
}
Event: 33.444 GC heap before
{Heap before GC invocations=45 (full 2):
 PSYoungGen      total 13824K, used 13810K [0x00000000eab00000, 0x00000000ec000000, 0x0000000100000000)
  eden space 12288K, 100% used [0x00000000eab00000,0x00000000eb700000,0x00000000eb700000)
  from space 1536K, 99% used [0x00000000ebb00000,0x00000000ebc7cb38,0x00000000ebc80000)
  to   space 4096K, 0% used [0x00000000eb700000,0x00000000eb700000,0x00000000ebb00000)
 ParOldGen       total 91136K, used 91116K [0x00000000c0000000, 0x00000000c5900000, 0x00000000eab00000)
  object space 91136K, 99% used [0x00000000c0000000,0x00000000c58fb0e8,0x00000000c5900000)
 Metaspace       used 54674K, committed 56064K, reserved 1114112K
  class space    used 6010K, committed 6592K, reserved 1048576K
}
Event: 33.450 GC heap after
{Heap after GC invocations=45 (full 2):
 PSYoungGen      total 14336K, used 1689K [0x00000000eab00000, 0x00000000ebc00000, 0x0000000100000000)
  eden space 12288K, 0% used [0x00000000eab00000,0x00000000eab00000,0x00000000eb700000)
  from space 2048K, 82% used [0x00000000eb700000,0x00000000eb8a66d8,0x00000000eb900000)
  to   space 2560K, 0% used [0x00000000eb980000,0x00000000eb980000,0x00000000ebc00000)
 ParOldGen       total 92672K, used 92553K [0x00000000c0000000, 0x00000000c5a80000, 0x00000000eab00000)
  object space 92672K, 99% used [0x00000000c0000000,0x00000000c5a62438,0x00000000c5a80000)
 Metaspace       used 54674K, committed 56064K, reserved 1114112K
  class space    used 6010K, committed 6592K, reserved 1048576K
}
Event: 34.123 GC heap before
{Heap before GC invocations=46 (full 2):
 PSYoungGen      total 14336K, used 13977K [0x00000000eab00000, 0x00000000ebc00000, 0x0000000100000000)
  eden space 12288K, 100% used [0x00000000eab00000,0x00000000eb700000,0x00000000eb700000)
  from space 2048K, 82% used [0x00000000eb700000,0x00000000eb8a66d8,0x00000000eb900000)
  to   space 2560K, 0% used [0x00000000eb980000,0x00000000eb980000,0x00000000ebc00000)
 ParOldGen       total 92672K, used 92553K [0x00000000c0000000, 0x00000000c5a80000, 0x00000000eab00000)
  object space 92672K, 99% used [0x00000000c0000000,0x00000000c5a62438,0x00000000c5a80000)
 Metaspace       used 54732K, committed 56064K, reserved 1114112K
  class space    used 6010K, committed 6592K, reserved 1048576K
}
Event: 34.130 GC heap after
{Heap after GC invocations=46 (full 2):
 PSYoungGen      total 11264K, used 2539K [0x00000000eab00000, 0x00000000ec300000, 0x0000000100000000)
  eden space 8704K, 0% used [0x00000000eab00000,0x00000000eab00000,0x00000000eb380000)
  from space 2560K, 99% used [0x00000000eb980000,0x00000000ebbfaed8,0x00000000ebc00000)
  to   space 6144K, 0% used [0x00000000eb380000,0x00000000eb380000,0x00000000eb980000)
 ParOldGen       total 95232K, used 95193K [0x00000000c0000000, 0x00000000c5d00000, 0x00000000eab00000)
  object space 95232K, 99% used [0x00000000c0000000,0x00000000c5cf64b8,0x00000000c5d00000)
 Metaspace       used 54732K, committed 56064K, reserved 1114112K
  class space    used 6010K, committed 6592K, reserved 1048576K
}
Event: 36.083 GC heap before
{Heap before GC invocations=47 (full 2):
 PSYoungGen      total 11264K, used 11243K [0x00000000eab00000, 0x00000000ec300000, 0x0000000100000000)
  eden space 8704K, 100% used [0x00000000eab00000,0x00000000eb380000,0x00000000eb380000)
  from space 2560K, 99% used [0x00000000eb980000,0x00000000ebbfaed8,0x00000000ebc00000)
  to   space 6144K, 0% used [0x00000000eb380000,0x00000000eb380000,0x00000000eb980000)
 ParOldGen       total 95232K, used 95193K [0x00000000c0000000, 0x00000000c5d00000, 0x00000000eab00000)
  object space 95232K, 99% used [0x00000000c0000000,0x00000000c5cf64b8,0x00000000c5d00000)
 Metaspace       used 54910K, committed 56256K, reserved 1114112K
  class space    used 6020K, committed 6592K, reserved 1048576K
}
Event: 36.087 GC heap after
{Heap after GC invocations=47 (full 2):
 PSYoungGen      total 12288K, used 3251K [0x00000000eab00000, 0x00000000ebb80000, 0x0000000100000000)
  eden space 8704K, 0% used [0x00000000eab00000,0x00000000eab00000,0x00000000eb380000)
  from space 3584K, 90% used [0x00000000eb380000,0x00000000eb6acc20,0x00000000eb700000)
  to   space 4096K, 0% used [0x00000000eb780000,0x00000000eb780000,0x00000000ebb80000)
 ParOldGen       total 97792K, used 97728K [0x00000000c0000000, 0x00000000c5f80000, 0x00000000eab00000)
  object space 97792K, 99% used [0x00000000c0000000,0x00000000c5f70330,0x00000000c5f80000)
 Metaspace       used 54910K, committed 56256K, reserved 1114112K
  class space    used 6020K, committed 6592K, reserved 1048576K
}
Event: 36.344 GC heap before
{Heap before GC invocations=48 (full 2):
 PSYoungGen      total 12288K, used 11955K [0x00000000eab00000, 0x00000000ebb80000, 0x0000000100000000)
  eden space 8704K, 100% used [0x00000000eab00000,0x00000000eb380000,0x00000000eb380000)
  from space 3584K, 90% used [0x00000000eb380000,0x00000000eb6acc20,0x00000000eb700000)
  to   space 4096K, 0% used [0x00000000eb780000,0x00000000eb780000,0x00000000ebb80000)
 ParOldGen       total 97792K, used 97728K [0x00000000c0000000, 0x00000000c5f80000, 0x00000000eab00000)
  object space 97792K, 99% used [0x00000000c0000000,0x00000000c5f70330,0x00000000c5f80000)
 Metaspace       used 54921K, committed 56256K, reserved 1114112K
  class space    used 6021K, committed 6592K, reserved 1048576K
}
Event: 36.350 GC heap after
{Heap after GC invocations=48 (full 2):
 PSYoungGen      total 10240K, used 1259K [0x00000000eab00000, 0x00000000eb900000, 0x0000000100000000)
  eden space 8704K, 0% used [0x00000000eab00000,0x00000000eab00000,0x00000000eb380000)
  from space 1536K, 81% used [0x00000000eb780000,0x00000000eb8bada8,0x00000000eb900000)
  to   space 2560K, 0% used [0x00000000eb400000,0x00000000eb400000,0x00000000eb680000)
 ParOldGen       total 100864K, used 100852K [0x00000000c0000000, 0x00000000c6280000, 0x00000000eab00000)
  object space 100864K, 99% used [0x00000000c0000000,0x00000000c627d188,0x00000000c6280000)
 Metaspace       used 54921K, committed 56256K, reserved 1114112K
  class space    used 6021K, committed 6592K, reserved 1048576K
}
Event: 37.325 GC heap before
{Heap before GC invocations=49 (full 2):
 PSYoungGen      total 10240K, used 9963K [0x00000000eab00000, 0x00000000eb900000, 0x0000000100000000)
  eden space 8704K, 100% used [0x00000000eab00000,0x00000000eb380000,0x00000000eb380000)
  from space 1536K, 81% used [0x00000000eb780000,0x00000000eb8bada8,0x00000000eb900000)
  to   space 2560K, 0% used [0x00000000eb400000,0x00000000eb400000,0x00000000eb680000)
 ParOldGen       total 100864K, used 100852K [0x00000000c0000000, 0x00000000c6280000, 0x00000000eab00000)
  object space 100864K, 99% used [0x00000000c0000000,0x00000000c627d188,0x00000000c6280000)
 Metaspace       used 55092K, committed 56448K, reserved 1114112K
  class space    used 6063K, committed 6656K, reserved 1048576K
}
Event: 37.328 GC heap after
{Heap after GC invocations=49 (full 2):
 PSYoungGen      total 11264K, used 1240K [0x00000000eab00000, 0x00000000eb800000, 0x0000000100000000)
  eden space 8704K, 0% used [0x00000000eab00000,0x00000000eab00000,0x00000000eb380000)
  from space 2560K, 48% used [0x00000000eb400000,0x00000000eb536368,0x00000000eb680000)
  to   space 1536K, 0% used [0x00000000eb680000,0x00000000eb680000,0x00000000eb800000)
 ParOldGen       total 102400K, used 101992K [0x00000000c0000000, 0x00000000c6400000, 0x00000000eab00000)
  object space 102400K, 99% used [0x00000000c0000000,0x00000000c639a130,0x00000000c6400000)
 Metaspace       used 55092K, committed 56448K, reserved 1114112K
  class space    used 6063K, committed 6656K, reserved 1048576K
}
Event: 37.854 GC heap before
{Heap before GC invocations=50 (full 2):
 PSYoungGen      total 11264K, used 9944K [0x00000000eab00000, 0x00000000eb800000, 0x0000000100000000)
  eden space 8704K, 100% used [0x00000000eab00000,0x00000000eb380000,0x00000000eb380000)
  from space 2560K, 48% used [0x00000000eb400000,0x00000000eb536368,0x00000000eb680000)
  to   space 1536K, 0% used [0x00000000eb680000,0x00000000eb680000,0x00000000eb800000)
 ParOldGen       total 102400K, used 101992K [0x00000000c0000000, 0x00000000c6400000, 0x00000000eab00000)
  object space 102400K, 99% used [0x00000000c0000000,0x00000000c639a130,0x00000000c6400000)
 Metaspace       used 55288K, committed 56704K, reserved 1114112K
  class space    used 6112K, committed 6720K, reserved 1048576K
}
Event: 37.856 GC heap after
{Heap after GC invocations=50 (full 2):
 PSYoungGen      total 10240K, used 1485K [0x00000000eab00000, 0x00000000eb800000, 0x0000000100000000)
  eden space 8704K, 0% used [0x00000000eab00000,0x00000000eab00000,0x00000000eb380000)
  from space 1536K, 96% used [0x00000000eb680000,0x00000000eb7f34d8,0x00000000eb800000)
  to   space 1536K, 0% used [0x00000000eb500000,0x00000000eb500000,0x00000000eb680000)
 ParOldGen       total 103424K, used 103114K [0x00000000c0000000, 0x00000000c6500000, 0x00000000eab00000)
  object space 103424K, 99% used [0x00000000c0000000,0x00000000c64b29c8,0x00000000c6500000)
 Metaspace       used 55288K, committed 56704K, reserved 1114112K
  class space    used 6112K, committed 6720K, reserved 1048576K
}
Event: 38.155 GC heap before
{Heap before GC invocations=51 (full 2):
 PSYoungGen      total 10240K, used 10189K [0x00000000eab00000, 0x00000000eb800000, 0x0000000100000000)
  eden space 8704K, 100% used [0x00000000eab00000,0x00000000eb380000,0x00000000eb380000)
  from space 1536K, 96% used [0x00000000eb680000,0x00000000eb7f34d8,0x00000000eb800000)
  to   space 1536K, 0% used [0x00000000eb500000,0x00000000eb500000,0x00000000eb680000)
 ParOldGen       total 103424K, used 103114K [0x00000000c0000000, 0x00000000c6500000, 0x00000000eab00000)
  object space 103424K, 99% used [0x00000000c0000000,0x00000000c64b29c8,0x00000000c6500000)
 Metaspace       used 55328K, committed 56704K, reserved 1114112K
  class space    used 6119K, committed 6720K, reserved 1048576K
}
Event: 38.958 GC heap after
{Heap after GC invocations=51 (full 2):
 PSYoungGen      total 10240K, used 1521K [0x00000000eab00000, 0x00000000eba80000, 0x0000000100000000)
  eden space 8704K, 0% used [0x00000000eab00000,0x00000000eab00000,0x00000000eb380000)
  from space 1536K, 99% used [0x00000000eb500000,0x00000000eb67c568,0x00000000eb680000)
  to   space 3584K, 0% used [0x00000000eb700000,0x00000000eb700000,0x00000000eba80000)
 ParOldGen       total 104960K, used 104827K [0x00000000c0000000, 0x00000000c6680000, 0x00000000eab00000)
  object space 104960K, 99% used [0x00000000c0000000,0x00000000c665ec10,0x00000000c6680000)
 Metaspace       used 55328K, committed 56704K, reserved 1114112K
  class space    used 6119K, committed 6720K, reserved 1048576K
}

Dll operation events (11 events):
Event: 0.025 Loaded shared library c:\Users\Admin\.cursor\extensions\redhat.java-1.42.0-win32-x64\jre\21.0.7-win32-x86_64\bin\java.dll
Event: 0.223 Loaded shared library c:\Users\Admin\.cursor\extensions\redhat.java-1.42.0-win32-x64\jre\21.0.7-win32-x86_64\bin\zip.dll
Event: 0.280 Loaded shared library C:\Users\Admin\.cursor\extensions\redhat.java-1.42.0-win32-x64\jre\21.0.7-win32-x86_64\bin\instrument.dll
Event: 0.293 Loaded shared library C:\Users\Admin\.cursor\extensions\redhat.java-1.42.0-win32-x64\jre\21.0.7-win32-x86_64\bin\net.dll
Event: 0.300 Loaded shared library C:\Users\Admin\.cursor\extensions\redhat.java-1.42.0-win32-x64\jre\21.0.7-win32-x86_64\bin\nio.dll
Event: 0.305 Loaded shared library C:\Users\Admin\.cursor\extensions\redhat.java-1.42.0-win32-x64\jre\21.0.7-win32-x86_64\bin\zip.dll
Event: 0.363 Loaded shared library C:\Users\Admin\.cursor\extensions\redhat.java-1.42.0-win32-x64\jre\21.0.7-win32-x86_64\bin\jimage.dll
Event: 0.534 Loaded shared library c:\Users\Admin\.cursor\extensions\redhat.java-1.42.0-win32-x64\jre\21.0.7-win32-x86_64\bin\verify.dll
Event: 5.275 Loaded shared library C:\Users\Admin\AppData\Roaming\Cursor\User\globalStorage\redhat.java\1.42.0\config_win\org.eclipse.equinox.launcher\org.eclipse.equinox.launcher.win32.win32.x86_64_1.2.1300.v20250331-1702\eclipse_11911.dll
Event: 10.853 Loaded shared library C:\Users\Admin\AppData\Local\Temp\jna-63116079\jna621280225784321749.dll
Event: 26.420 Loaded shared library C:\Users\Admin\.gradle\native\c067742578af261105cb4f569cf0c3c89f3d7b1fecec35dd04571415982c5e48\windows-amd64\native-platform.dll

Deoptimization events (20 events):
Event: 33.687 Thread 0x0000025e7d863f80 DEOPT PACKING pc=0x0000025e66fe895e sp=0x000000861ebfea70
Event: 33.687 Thread 0x0000025e7d863f80 DEOPT UNPACKING pc=0x0000025e6d7078e2 sp=0x000000861ebfdfc8 mode 0
Event: 33.706 Thread 0x0000025e7d863f80 Uncommon trap: trap_request=0xffffff45 fr.pc=0x0000025e6dcfa528 relative=0x0000000000000148
Event: 33.706 Thread 0x0000025e7d863f80 Uncommon trap: reason=unstable_if action=reinterpret pc=0x0000025e6dcfa528 method=java.util.HashMap.getNode(Ljava/lang/Object;)Ljava/util/HashMap$Node; @ 66 c2
Event: 33.706 Thread 0x0000025e7d863f80 DEOPT PACKING pc=0x0000025e6dcfa528 sp=0x000000861ebfec40
Event: 33.706 Thread 0x0000025e7d863f80 DEOPT UNPACKING pc=0x0000025e6d706da2 sp=0x000000861ebfeb50 mode 2
Event: 33.707 Thread 0x0000025e7d863f80 Uncommon trap: trap_request=0xffffff45 fr.pc=0x0000025e6dce8a28 relative=0x0000000000000148
Event: 33.716 Thread 0x0000025e7d863f80 Uncommon trap: reason=unstable_if action=reinterpret pc=0x0000025e6dce8a28 method=java.util.HashMap.getNode(Ljava/lang/Object;)Ljava/util/HashMap$Node; @ 66 c2
Event: 33.716 Thread 0x0000025e7d863f80 DEOPT PACKING pc=0x0000025e6dce8a28 sp=0x000000861ebfeb60
Event: 33.716 Thread 0x0000025e7d863f80 DEOPT UNPACKING pc=0x0000025e6d706da2 sp=0x000000861ebfeae0 mode 2
Event: 35.200 Thread 0x0000025e7d863f80 Uncommon trap: trap_request=0xffffff45 fr.pc=0x0000025e6df96784 relative=0x0000000000001a44
Event: 35.200 Thread 0x0000025e7d863f80 Uncommon trap: reason=unstable_if action=reinterpret pc=0x0000025e6df96784 method=java.util.TimSort.sort([Ljava/lang/Object;IILjava/util/Comparator;[Ljava/lang/Object;II)V @ 114 c2
Event: 35.200 Thread 0x0000025e7d863f80 DEOPT PACKING pc=0x0000025e6df96784 sp=0x000000861ebfd340
Event: 35.200 Thread 0x0000025e7d863f80 DEOPT UNPACKING pc=0x0000025e6d706da2 sp=0x000000861ebfd2e8 mode 2
Event: 36.160 Thread 0x0000025e7f663390 DEOPT PACKING pc=0x0000025e66f39067 sp=0x0000008620bfcec0
Event: 36.161 Thread 0x0000025e7f663390 DEOPT UNPACKING pc=0x0000025e6d7078e2 sp=0x0000008620bfc430 mode 0
Event: 36.175 Thread 0x0000025e7d2b0f10 Uncommon trap: trap_request=0xffffff45 fr.pc=0x0000025e6df616a0 relative=0x0000000000002840
Event: 36.176 Thread 0x0000025e7d2b0f10 Uncommon trap: reason=unstable_if action=reinterpret pc=0x0000025e6df616a0 method=org.eclipse.jdt.internal.compiler.classfmt.MethodInfo.decodeLocalVariableAttribute(II)V @ 14 c2
Event: 36.176 Thread 0x0000025e7d2b0f10 DEOPT PACKING pc=0x0000025e6df616a0 sp=0x000000861f9fe3d0
Event: 36.177 Thread 0x0000025e7d2b0f10 DEOPT UNPACKING pc=0x0000025e6d706da2 sp=0x000000861f9fe288 mode 2

Classes loaded (20 events):
Event: 34.806 Loading class sun/util/locale/provider/TimeZoneNameProviderImpl done
Event: 34.806 Loading class sun/util/cldr/CLDRTimeZoneNameProviderImpl done
Event: 34.880 Loading class sun/util/resources/cldr/TimeZoneNames
Event: 34.887 Loading class sun/util/resources/TimeZoneNamesBundle
Event: 34.899 Loading class sun/util/resources/OpenListResourceBundle
Event: 34.924 Loading class sun/util/resources/OpenListResourceBundle done
Event: 34.924 Loading class sun/util/resources/TimeZoneNamesBundle done
Event: 34.924 Loading class sun/util/resources/cldr/TimeZoneNames done
Event: 34.925 Loading class sun/util/resources/cldr/TimeZoneNames_en
Event: 34.938 Loading class sun/util/resources/cldr/TimeZoneNames_en done
Event: 34.943 Loading class sun/util/resources/cldr/TimeZoneNames_en_US
Event: 34.943 Loading class sun/util/resources/cldr/TimeZoneNames_en_US done
Event: 34.956 Loading class sun/util/cldr/CLDRBaseLocaleDataMetaInfo$TZCanonicalIDMapHolder
Event: 35.044 Loading class sun/util/cldr/CLDRBaseLocaleDataMetaInfo$TZCanonicalIDMapHolder done
Event: 35.121 Loading class sun/util/cldr/CLDRTimeZoneNameProviderImpl$AVAILABLE_IDS
Event: 35.122 Loading class sun/util/cldr/CLDRTimeZoneNameProviderImpl$AVAILABLE_IDS done
Event: 35.204 Loading class sun/util/resources/TimeZoneNames
Event: 35.279 Loading class sun/util/resources/TimeZoneNames done
Event: 35.279 Loading class sun/util/resources/TimeZoneNames_en
Event: 35.280 Loading class sun/util/resources/TimeZoneNames_en done

Classes unloaded (16 events):
Event: 12.531 Thread 0x0000025e63036400 Unloading class 0x0000025e0119c400 'java/lang/invoke/LambdaForm$MH+0x0000025e0119c400'
Event: 12.531 Thread 0x0000025e63036400 Unloading class 0x0000025e0119c000 'java/lang/invoke/LambdaForm$MH+0x0000025e0119c000'
Event: 12.531 Thread 0x0000025e63036400 Unloading class 0x0000025e0119bc00 'java/lang/invoke/LambdaForm$MH+0x0000025e0119bc00'
Event: 12.531 Thread 0x0000025e63036400 Unloading class 0x0000025e0119b800 'java/lang/invoke/LambdaForm$MH+0x0000025e0119b800'
Event: 12.531 Thread 0x0000025e63036400 Unloading class 0x0000025e0119b400 'java/lang/invoke/LambdaForm$BMH+0x0000025e0119b400'
Event: 12.531 Thread 0x0000025e63036400 Unloading class 0x0000025e0119b000 'java/lang/invoke/LambdaForm$DMH+0x0000025e0119b000'
Event: 12.531 Thread 0x0000025e63036400 Unloading class 0x0000025e01199c00 'java/lang/invoke/LambdaForm$DMH+0x0000025e01199c00'
Event: 14.682 Thread 0x0000025e63036400 Unloading class 0x0000025e012d9c00 'java/lang/invoke/LambdaForm$MH+0x0000025e012d9c00'
Event: 14.682 Thread 0x0000025e63036400 Unloading class 0x0000025e012d9000 'java/lang/invoke/LambdaForm$MH+0x0000025e012d9000'
Event: 14.682 Thread 0x0000025e63036400 Unloading class 0x0000025e012d8800 'java/lang/invoke/LambdaForm$MH+0x0000025e012d8800'
Event: 14.682 Thread 0x0000025e63036400 Unloading class 0x0000025e012d8000 'java/lang/invoke/LambdaForm$MH+0x0000025e012d8000'
Event: 14.682 Thread 0x0000025e63036400 Unloading class 0x0000025e012d7c00 'java/lang/invoke/LambdaForm$DMH+0x0000025e012d7c00'
Event: 14.682 Thread 0x0000025e63036400 Unloading class 0x0000025e012d7400 'java/lang/invoke/LambdaForm$MH+0x0000025e012d7400'
Event: 14.682 Thread 0x0000025e63036400 Unloading class 0x0000025e012d3400 'java/lang/invoke/LambdaForm$MH+0x0000025e012d3400'
Event: 14.682 Thread 0x0000025e63036400 Unloading class 0x0000025e012d3000 'java/lang/invoke/LambdaForm$MH+0x0000025e012d3000'
Event: 14.682 Thread 0x0000025e63036400 Unloading class 0x0000025e012d2800 'java/lang/invoke/LambdaForm$MH+0x0000025e012d2800'

Classes redefined (0 events):
No events

Internal exceptions (20 events):
Event: 18.583 Thread 0x0000025e4196f0a0 Exception <a 'sun/nio/fs/WindowsException'{0x00000000eb4db1f0}> (0x00000000eb4db1f0) 
thrown [s\src\hotspot\share\prims\jni.cpp, line 520]
Event: 18.588 Thread 0x0000025e4196f0a0 Exception <a 'sun/nio/fs/WindowsException'{0x00000000eb5515c0}> (0x00000000eb5515c0) 
thrown [s\src\hotspot\share\prims\jni.cpp, line 520]
Event: 18.588 Thread 0x0000025e4196f0a0 Exception <a 'sun/nio/fs/WindowsException'{0x00000000eb551f88}> (0x00000000eb551f88) 
thrown [s\src\hotspot\share\prims\jni.cpp, line 520]
Event: 18.607 Thread 0x0000025e7d2b0f10 Implicit null exception at 0x0000025e6de9f5da to 0x0000025e6de9f6d8
Event: 18.688 Thread 0x0000025e4196f0a0 Exception <a 'java/io/FileNotFoundException'{0x00000000eba2d7c8}> (0x00000000eba2d7c8) 
thrown [s\src\hotspot\share\prims\jni.cpp, line 520]
Event: 18.690 Thread 0x0000025e4196f0a0 Exception <a 'java/io/FileNotFoundException'{0x00000000eba2e7c0}> (0x00000000eba2e7c0) 
thrown [s\src\hotspot\share\prims\jni.cpp, line 520]
Event: 18.695 Thread 0x0000025e4196f0a0 Exception <a 'java/io/FileNotFoundException'{0x00000000eba65d68}> (0x00000000eba65d68) 
thrown [s\src\hotspot\share\prims\jni.cpp, line 520]
Event: 18.707 Thread 0x0000025e4196f0a0 Exception <a 'java/io/FileNotFoundException'{0x00000000eba67038}> (0x00000000eba67038) 
thrown [s\src\hotspot\share\prims\jni.cpp, line 520]
Event: 18.708 Thread 0x0000025e4196f0a0 Exception <a 'java/io/FileNotFoundException'{0x00000000eba68050}> (0x00000000eba68050) 
thrown [s\src\hotspot\share\prims\jni.cpp, line 520]
Event: 19.172 Thread 0x0000025e7f65f1f0 Exception <a 'java/lang/IncompatibleClassChangeError'{0x00000000eaef3330}: Found class java.lang.Object, but interface was expected> (0x00000000eaef3330) 
thrown [s\src\hotspot\share\interpreter\linkResolver.cpp, line 840]
Event: 19.455 Thread 0x0000025e4196f0a0 Exception <a 'java/lang/NoSuchMethodError'{0x00000000eacc59a8}: 'int java.lang.invoke.DirectMethodHandle$Holder.invokeSpecialIFC(java.lang.Object, java.lang.Object, java.lang.Object, java.lang.Object)'> (0x00000000eacc59a8) 
thrown [s\src\hotspot\share\interpreter\linkResolver.cpp, line 773]
Event: 19.476 Thread 0x0000025e4196f0a0 Exception <a 'sun/nio/fs/WindowsException'{0x00000000ead88860}> (0x00000000ead88860) 
thrown [s\src\hotspot\share\prims\jni.cpp, line 520]
Event: 19.476 Thread 0x0000025e4196f0a0 Exception <a 'sun/nio/fs/WindowsException'{0x00000000ead88f78}> (0x00000000ead88f78) 
thrown [s\src\hotspot\share\prims\jni.cpp, line 520]
Event: 19.621 Thread 0x0000025e7d2b15a0 Exception <a 'java/lang/NoSuchMethodError'{0x00000000eb5db930}: 'int java.lang.invoke.DirectMethodHandle$Holder.invokeInterface(java.lang.Object, java.lang.Object)'> (0x00000000eb5db930) 
thrown [s\src\hotspot\share\interpreter\linkResolver.cpp, line 773]
Event: 19.622 Thread 0x0000025e7d2b15a0 Exception <a 'java/lang/IncompatibleClassChangeError'{0x00000000eb5de580}: Found class java.lang.Object, but interface was expected> (0x00000000eb5de580) 
thrown [s\src\hotspot\share\interpreter\linkResolver.cpp, line 840]
Event: 19.711 Thread 0x0000025e7d2b15a0 Exception <a 'java/lang/NoSuchMethodError'{0x00000000eb8f4430}: method resolution failed> (0x00000000eb8f4430) 
thrown [s\src\hotspot\share\prims\methodHandles.cpp, line 1144]
Event: 19.771 Thread 0x0000025e7d2b15a0 Exception <a 'sun/nio/fs/WindowsException'{0x00000000ebb25ef8}> (0x00000000ebb25ef8) 
thrown [s\src\hotspot\share\prims\jni.cpp, line 520]
Event: 19.771 Thread 0x0000025e7d2b15a0 Exception <a 'sun/nio/fs/WindowsException'{0x00000000ebb264f8}> (0x00000000ebb264f8) 
thrown [s\src\hotspot\share\prims\jni.cpp, line 520]
Event: 20.225 Thread 0x0000025e7d2b15a0 Exception <a 'java/lang/NoSuchMethodError'{0x00000000eb6ca4b8}: 'java.lang.Object java.lang.invoke.DirectMethodHandle$Holder.invokeVirtual(java.lang.Object, java.lang.Object, java.lang.Object, java.lang.Object)'> (0x00000000eb6ca4b8) 
thrown [s\src\hotspot\share\interpreter\linkResolver.cpp, line 773]
Event: 20.252 Thread 0x0000025e7d2b15a0 Exception <a 'java/lang/NoSuchMethodError'{0x00000000eb75fcb8}: 'java.lang.Object java.lang.invoke.DirectMethodHandle$Holder.invokeVirtual(java.lang.Object, java.lang.Object, java.lang.Object, java.lang.Object, java.lang.Object)'> (0x00000000eb75fcb8) 
thrown [s\src\hotspot\share\interpreter\linkResolver.cpp, line 773]

ZGC Phase Switch (0 events):
No events

VM Operations (20 events):
Event: 31.982 Executing VM operation: ParallelGCFailedAllocation (Allocation Failure)
Event: 31.988 Executing VM operation: ParallelGCFailedAllocation (Allocation Failure) done
Event: 32.992 Executing VM operation: Cleanup
Event: 33.208 Executing VM operation: Cleanup done
Event: 33.429 Executing VM operation: ParallelGCFailedAllocation (Allocation Failure)
Event: 33.450 Executing VM operation: ParallelGCFailedAllocation (Allocation Failure) done
Event: 34.123 Executing VM operation: ParallelGCFailedAllocation (Allocation Failure)
Event: 34.130 Executing VM operation: ParallelGCFailedAllocation (Allocation Failure) done
Event: 35.135 Executing VM operation: Cleanup
Event: 35.197 Executing VM operation: Cleanup done
Event: 35.869 Executing VM operation: ParallelGCFailedAllocation (Allocation Failure)
Event: 36.087 Executing VM operation: ParallelGCFailedAllocation (Allocation Failure) done
Event: 36.344 Executing VM operation: ParallelGCFailedAllocation (Allocation Failure)
Event: 36.350 Executing VM operation: ParallelGCFailedAllocation (Allocation Failure) done
Event: 37.306 Executing VM operation: ParallelGCFailedAllocation (Allocation Failure)
Event: 37.328 Executing VM operation: ParallelGCFailedAllocation (Allocation Failure) done
Event: 37.854 Executing VM operation: ParallelGCFailedAllocation (Allocation Failure)
Event: 37.857 Executing VM operation: ParallelGCFailedAllocation (Allocation Failure) done
Event: 38.155 Executing VM operation: ParallelGCFailedAllocation (Allocation Failure)
Event: 38.958 Executing VM operation: ParallelGCFailedAllocation (Allocation Failure) done

Memory protections (0 events):
No events

Nmethod flushes (20 events):
Event: 14.691 Thread 0x0000025e63036400 flushing  nmethod 0x0000025e66818590
Event: 14.691 Thread 0x0000025e63036400 flushing  nmethod 0x0000025e66818e90
Event: 14.691 Thread 0x0000025e63036400 flushing  nmethod 0x0000025e6681a090
Event: 14.691 Thread 0x0000025e63036400 flushing  nmethod 0x0000025e6681a890
Event: 14.691 Thread 0x0000025e63036400 flushing  nmethod 0x0000025e6681c590
Event: 14.691 Thread 0x0000025e63036400 flushing  nmethod 0x0000025e6681de10
Event: 14.691 Thread 0x0000025e63036400 flushing  nmethod 0x0000025e6681eb10
Event: 14.691 Thread 0x0000025e63036400 flushing  nmethod 0x0000025e6681f790
Event: 14.691 Thread 0x0000025e63036400 flushing  nmethod 0x0000025e66828e90
Event: 14.691 Thread 0x0000025e63036400 flushing  nmethod 0x0000025e6682a610
Event: 14.691 Thread 0x0000025e63036400 flushing  nmethod 0x0000025e6682af10
Event: 14.691 Thread 0x0000025e63036400 flushing  nmethod 0x0000025e66870790
Event: 14.691 Thread 0x0000025e63036400 flushing  nmethod 0x0000025e66876f10
Event: 14.691 Thread 0x0000025e63036400 flushing  nmethod 0x0000025e6687fa10
Event: 14.691 Thread 0x0000025e63036400 flushing  nmethod 0x0000025e6689af10
Event: 14.691 Thread 0x0000025e63036400 flushing  nmethod 0x0000025e668c7f90
Event: 14.691 Thread 0x0000025e63036400 flushing  nmethod 0x0000025e66908e10
Event: 14.691 Thread 0x0000025e63036400 flushing  nmethod 0x0000025e6691c790
Event: 14.691 Thread 0x0000025e63036400 flushing  nmethod 0x0000025e6691d110
Event: 14.691 Thread 0x0000025e63036400 flushing  nmethod 0x0000025e66944810

Events (20 events):
Event: 13.637 Thread 0x0000025e7d2b01f0 Thread added: 0x0000025e7d2b0880
Event: 13.841 Thread 0x0000025e7dbe4570 Thread added: 0x0000025e7d2b0f10
Event: 14.476 Thread 0x0000025e7d2b01f0 Thread added: 0x0000025e4196f0a0
Event: 14.605 Thread 0x0000025e4196f0a0 Thread added: 0x0000025e4196f730
Event: 14.638 Thread 0x0000025e4196f730 Thread added: 0x0000025e4196fdc0
Event: 14.738 Thread 0x0000025e62fa12a0 Thread added: 0x0000025e4196ea10
Event: 14.739 Thread 0x0000025e62fa12a0 Thread added: 0x0000025e41970450
Event: 14.739 Thread 0x0000025e62fa12a0 Thread added: 0x0000025e41970ae0
Event: 14.739 Thread 0x0000025e62fa12a0 Thread added: 0x0000025e4196d660
Event: 14.739 Thread 0x0000025e62fa12a0 Thread added: 0x0000025e4196dcf0
Event: 14.739 Thread 0x0000025e62fa12a0 Thread added: 0x0000025e4196e380
Event: 14.739 Thread 0x0000025e62fa12a0 Thread added: 0x0000025e7f6612c0
Event: 14.740 Thread 0x0000025e62fa12a0 Thread added: 0x0000025e7f661950
Event: 14.740 Thread 0x0000025e62fa12a0 Thread added: 0x0000025e7f661fe0
Event: 14.792 Thread 0x0000025e62fa12a0 Thread added: 0x0000025e7f660c30
Event: 15.285 Thread 0x0000025e62fa12a0 Thread added: 0x0000025e7f65f880
Event: 15.285 Thread 0x0000025e62fa12a0 Thread added: 0x0000025e7f65f1f0
Event: 17.490 Thread 0x0000025e7d2af4d0 Thread exited: 0x0000025e7d2af4d0
Event: 20.048 Thread 0x0000025e7d2b15a0 Thread added: 0x0000025e7f6605a0
Event: 20.727 Thread 0x0000025e7d2b15a0 Thread added: 0x0000025e7f663390


Dynamic libraries:
0x00007ff730d20000 - 0x00007ff730d2e000 	c:\Users\Admin\.cursor\extensions\redhat.java-1.42.0-win32-x64\jre\21.0.7-win32-x86_64\bin\java.exe
0x00007ffe025a0000 - 0x00007ffe02806000 	C:\WINDOWS\SYSTEM32\ntdll.dll
0x00007ffe01060000 - 0x00007ffe01129000 	C:\WINDOWS\System32\KERNEL32.DLL
0x00007ffdff8b0000 - 0x00007ffdffc7c000 	C:\WINDOWS\System32\KERNELBASE.dll
0x00007ffdfc290000 - 0x00007ffdfc32e000 	C:\WINDOWS\SYSTEM32\apphelp.dll
0x00007ffdffd60000 - 0x00007ffdffeab000 	C:\WINDOWS\System32\ucrtbase.dll
0x00007ffdc9d70000 - 0x00007ffdc9d8e000 	c:\Users\Admin\.cursor\extensions\redhat.java-1.42.0-win32-x64\jre\21.0.7-win32-x86_64\bin\VCRUNTIME140.dll
0x00007ffdc9d50000 - 0x00007ffdc9d68000 	c:\Users\Admin\.cursor\extensions\redhat.java-1.42.0-win32-x64\jre\21.0.7-win32-x86_64\bin\jli.dll
0x00007ffe00c40000 - 0x00007ffe00e0a000 	C:\WINDOWS\System32\USER32.dll
0x00007ffdffc80000 - 0x00007ffdffca7000 	C:\WINDOWS\System32\win32u.dll
0x00007ffe02460000 - 0x00007ffe0248b000 	C:\WINDOWS\System32\GDI32.dll
0x00007ffde0d40000 - 0x00007ffde0fda000 	C:\WINDOWS\WinSxS\amd64_microsoft.windows.common-controls_6595b64144ccf1df_6.0.26100.3912_none_3e07963ce335137e\COMCTL32.dll
0x00007ffe00220000 - 0x00007ffe00352000 	C:\WINDOWS\System32\gdi32full.dll
0x00007ffe02490000 - 0x00007ffe02539000 	C:\WINDOWS\System32\msvcrt.dll
0x00007ffdffcb0000 - 0x00007ffdffd53000 	C:\WINDOWS\System32\msvcp_win.dll
0x00007ffe00f20000 - 0x00007ffe00f50000 	C:\WINDOWS\System32\IMM32.DLL
0x00007ffdfa500000 - 0x00007ffdfa50c000 	c:\Users\Admin\.cursor\extensions\redhat.java-1.42.0-win32-x64\jre\21.0.7-win32-x86_64\bin\vcruntime140_1.dll
0x00007ffdbb270000 - 0x00007ffdbb2fd000 	c:\Users\Admin\.cursor\extensions\redhat.java-1.42.0-win32-x64\jre\21.0.7-win32-x86_64\bin\msvcp140.dll
0x00007ffd45a00000 - 0x00007ffd46790000 	c:\Users\Admin\.cursor\extensions\redhat.java-1.42.0-win32-x64\jre\21.0.7-win32-x86_64\bin\server\jvm.dll
0x00007ffe01130000 - 0x00007ffe011e2000 	C:\WINDOWS\System32\ADVAPI32.dll
0x00007ffe00850000 - 0x00007ffe008f6000 	C:\WINDOWS\System32\sechost.dll
0x00007ffe01590000 - 0x00007ffe016a6000 	C:\WINDOWS\System32\RPCRT4.dll
0x00007ffe00bc0000 - 0x00007ffe00c34000 	C:\WINDOWS\System32\WS2_32.dll
0x00007ffdff5a0000 - 0x00007ffdff5fe000 	C:\WINDOWS\SYSTEM32\POWRPROF.dll
0x00007ffdf8440000 - 0x00007ffdf844b000 	C:\WINDOWS\SYSTEM32\VERSION.dll
0x00007ffdf57e0000 - 0x00007ffdf5816000 	C:\WINDOWS\SYSTEM32\WINMM.dll
0x00007ffdff580000 - 0x00007ffdff594000 	C:\WINDOWS\SYSTEM32\UMPDC.dll
0x00007ffdfe4f0000 - 0x00007ffdfe50a000 	C:\WINDOWS\SYSTEM32\kernel.appcore.dll
0x00007ffde4310000 - 0x00007ffde431a000 	c:\Users\Admin\.cursor\extensions\redhat.java-1.42.0-win32-x64\jre\21.0.7-win32-x86_64\bin\jimage.dll
0x00007ffdfcdc0000 - 0x00007ffdfd001000 	C:\WINDOWS\SYSTEM32\DBGHELP.DLL
0x00007ffe01ea0000 - 0x00007ffe02224000 	C:\WINDOWS\System32\combase.dll
0x00007ffe00a20000 - 0x00007ffe00b00000 	C:\WINDOWS\System32\OLEAUT32.dll
0x00007ffddf820000 - 0x00007ffddf859000 	C:\WINDOWS\SYSTEM32\dbgcore.DLL
0x00007ffdfff40000 - 0x00007ffdfffd9000 	C:\WINDOWS\System32\bcryptPrimitives.dll
0x00007ffde24b0000 - 0x00007ffde24bf000 	c:\Users\Admin\.cursor\extensions\redhat.java-1.42.0-win32-x64\jre\21.0.7-win32-x86_64\bin\instrument.dll
0x00007ffdc9350000 - 0x00007ffdc936f000 	c:\Users\Admin\.cursor\extensions\redhat.java-1.42.0-win32-x64\jre\21.0.7-win32-x86_64\bin\java.dll
0x00007ffe01770000 - 0x00007ffe01e9d000 	C:\WINDOWS\System32\SHELL32.dll
0x00007ffdff730000 - 0x00007ffdff8a4000 	C:\WINDOWS\System32\wintypes.dll
0x00007ffdfd370000 - 0x00007ffdfdbc6000 	C:\WINDOWS\SYSTEM32\windows.storage.dll
0x00007ffe00f60000 - 0x00007ffe0104f000 	C:\WINDOWS\System32\SHCORE.dll
0x00007ffe01700000 - 0x00007ffe01769000 	C:\WINDOWS\System32\shlwapi.dll
0x00007ffdff640000 - 0x00007ffdff66f000 	C:\WINDOWS\SYSTEM32\profapi.dll
0x00007ffdc91d0000 - 0x00007ffdc91e8000 	c:\Users\Admin\.cursor\extensions\redhat.java-1.42.0-win32-x64\jre\21.0.7-win32-x86_64\bin\zip.dll
0x00007ffde3fa0000 - 0x00007ffde3fb0000 	C:\Users\Admin\.cursor\extensions\redhat.java-1.42.0-win32-x64\jre\21.0.7-win32-x86_64\bin\net.dll
0x00007ffdf8980000 - 0x00007ffdf8a9e000 	C:\WINDOWS\SYSTEM32\WINHTTP.dll
0x00007ffdfea60000 - 0x00007ffdfeaca000 	C:\WINDOWS\system32\mswsock.dll
0x00007ffdc9170000 - 0x00007ffdc9186000 	C:\Users\Admin\.cursor\extensions\redhat.java-1.42.0-win32-x64\jre\21.0.7-win32-x86_64\bin\nio.dll
0x00007ffdd1900000 - 0x00007ffdd1910000 	c:\Users\Admin\.cursor\extensions\redhat.java-1.42.0-win32-x64\jre\21.0.7-win32-x86_64\bin\verify.dll
0x00007ffdc7fc0000 - 0x00007ffdc8005000 	C:\Users\Admin\AppData\Roaming\Cursor\User\globalStorage\redhat.java\1.42.0\config_win\org.eclipse.equinox.launcher\org.eclipse.equinox.launcher.win32.win32.x86_64_1.2.1300.v20250331-1702\eclipse_11911.dll
0x00007ffe02230000 - 0x00007ffe023cf000 	C:\WINDOWS\System32\ole32.dll
0x00007ffdfed00000 - 0x00007ffdfed1c000 	C:\WINDOWS\SYSTEM32\CRYPTSP.dll
0x00007ffdfe450000 - 0x00007ffdfe48a000 	C:\WINDOWS\system32\rsaenh.dll
0x00007ffdfeb00000 - 0x00007ffdfeb2b000 	C:\WINDOWS\SYSTEM32\USERENV.dll
0x00007ffdff610000 - 0x00007ffdff636000 	C:\WINDOWS\SYSTEM32\bcrypt.dll
0x00007ffdfed20000 - 0x00007ffdfed2c000 	C:\WINDOWS\SYSTEM32\CRYPTBASE.dll
0x00007ffdfdf40000 - 0x00007ffdfdf73000 	C:\WINDOWS\SYSTEM32\IPHLPAPI.DLL
0x00007ffe01550000 - 0x00007ffe0155a000 	C:\WINDOWS\System32\NSI.dll
0x00007ffdc7ef0000 - 0x00007ffdc7f39000 	C:\Users\Admin\AppData\Local\Temp\jna-63116079\jna621280225784321749.dll
0x00007ffe01540000 - 0x00007ffe01548000 	C:\WINDOWS\System32\PSAPI.DLL
0x00007ffdf94f0000 - 0x00007ffdf950f000 	C:\WINDOWS\SYSTEM32\dhcpcsvc6.DLL
0x00007ffdf9490000 - 0x00007ffdf94b5000 	C:\WINDOWS\SYSTEM32\dhcpcsvc.DLL
0x00007ffdd1980000 - 0x00007ffdd19a7000 	C:\Users\Admin\.gradle\native\c067742578af261105cb4f569cf0c3c89f3d7b1fecec35dd04571415982c5e48\windows-amd64\native-platform.dll

dbghelp: loaded successfully - version: 4.0.5 - missing functions: none
symbol engine: initialized successfully - sym options: 0x614 - pdb path: .;c:\Users\Admin\.cursor\extensions\redhat.java-1.42.0-win32-x64\jre\21.0.7-win32-x86_64\bin;C:\WINDOWS\SYSTEM32;C:\WINDOWS\WinSxS\amd64_microsoft.windows.common-controls_6595b64144ccf1df_6.0.26100.3912_none_3e07963ce335137e;c:\Users\Admin\.cursor\extensions\redhat.java-1.42.0-win32-x64\jre\21.0.7-win32-x86_64\bin\server;C:\Users\Admin\AppData\Roaming\Cursor\User\globalStorage\redhat.java\1.42.0\config_win\org.eclipse.equinox.launcher\org.eclipse.equinox.launcher.win32.win32.x86_64_1.2.1300.v20250331-1702;C:\Users\Admin\AppData\Local\Temp\jna-63116079;C:\Users\Admin\.gradle\native\c067742578af261105cb4f569cf0c3c89f3d7b1fecec35dd04571415982c5e48\windows-amd64

VM Arguments:
jvm_args: --add-modules=ALL-SYSTEM --add-opens=java.base/java.util=ALL-UNNAMED --add-opens=java.base/java.lang=ALL-UNNAMED --add-opens=java.base/sun.nio.fs=ALL-UNNAMED -Declipse.application=org.eclipse.jdt.ls.core.id1 -Dosgi.bundles.defaultStartLevel=4 -Declipse.product=org.eclipse.jdt.ls.core.product -Djava.import.generatesMetadataFilesAtProjectRoot=false -DDetectVMInstallationsJob.disabled=true -Dfile.encoding=utf8 -XX:+UseParallelGC -XX:GCTimeRatio=4 -XX:AdaptiveSizePolicyWeight=90 -Dsun.zip.disableMemoryMapping=true -Xmx1G -Xms100m -Xlog:disable -javaagent:c:\Users\Admin\.cursor\extensions\redhat.java-1.42.0-win32-x64\lombok\lombok-1.18.36.jar -XX:+HeapDumpOnOutOfMemoryError -XX:HeapDumpPath=c:\Users\Admin\AppData\Roaming\Cursor\User\workspaceStorage\35a13e1e22052e2fb17af876c25c1fbc\redhat.java -Daether.dependencyCollector.impl=bf 
java_command: c:\Users\Admin\.cursor\extensions\redhat.java-1.42.0-win32-x64\server\plugins\org.eclipse.equinox.launcher_1.7.0.v20250424-1814.jar -configuration c:\Users\Admin\AppData\Roaming\Cursor\User\globalStorage\redhat.java\1.42.0\config_win -data c:\Users\Admin\AppData\Roaming\Cursor\User\workspaceStorage\35a13e1e22052e2fb17af876c25c1fbc\redhat.java\jdt_ws --pipe=\\.\pipe\lsp-fd28fa4d9ac423dbad880214988d47cf-sock
java_class_path (initial): c:\Users\Admin\.cursor\extensions\redhat.java-1.42.0-win32-x64\server\plugins\org.eclipse.equinox.launcher_1.7.0.v20250424-1814.jar
Launcher Type: SUN_STANDARD

[Global flags]
    uintx AdaptiveSizePolicyWeight                 = 90                                        {product} {command line}
     intx CICompilerCount                          = 4                                         {product} {ergonomic}
    uintx GCTimeRatio                              = 4                                         {product} {command line}
     bool HeapDumpOnOutOfMemoryError               = true                                   {manageable} {command line}
    ccstr HeapDumpPath                             = c:\Users\Admin\AppData\Roaming\Cursor\User\workspaceStorage\35a13e1e22052e2fb17af876c25c1fbc\redhat.java         {manageable} {command line}
   size_t InitialHeapSize                          = 104857600                                 {product} {command line}
   size_t MaxHeapSize                              = 1073741824                                {product} {command line}
   size_t MaxNewSize                               = 357564416                                 {product} {ergonomic}
   size_t MinHeapDeltaBytes                        = 524288                                    {product} {ergonomic}
   size_t MinHeapSize                              = 104857600                                 {product} {command line}
   size_t NewSize                                  = 34603008                                  {product} {ergonomic}
    uintx NonNMethodCodeHeapSize                   = 5839372                                {pd product} {ergonomic}
    uintx NonProfiledCodeHeapSize                  = 122909434                              {pd product} {ergonomic}
   size_t OldSize                                  = 70254592                                  {product} {ergonomic}
    uintx ProfiledCodeHeapSize                     = 122909434                              {pd product} {ergonomic}
    uintx ReservedCodeCacheSize                    = 251658240                              {pd product} {ergonomic}
     bool SegmentedCodeCache                       = true                                      {product} {ergonomic}
   size_t SoftMaxHeapSize                          = 1073741824                             {manageable} {ergonomic}
     bool UseCompressedOops                        = true                           {product lp64_product} {ergonomic}
     bool UseLargePagesIndividualAllocation        = false                                  {pd product} {ergonomic}
     bool UseParallelGC                            = true                                      {product} {command line}

Logging:
Log output configuration:
 #0: stdout all=off uptime,level,tags foldmultilines=false
 #1: stderr all=off uptime,level,tags foldmultilines=false

Environment Variables:
JAVA_HOME=C:\Program Files\Eclipse Adoptium\jdk-17.0.14.7-hotspot\
PATH=C:\Program Files\Eclipse Adoptium\jdk-17.0.14.7-hotspot\bin;C:\Program Files\IBM\ILOG\CPLEX_Studio2212\opl\bin\x64_win64;C:\Program Files\IBM\ILOG\CPLEX_Studio2212\opl\oplide\;C:\Program Files\IBM\ILOG\CPLEX_Studio2212\cplex\bin\x64_win64;C:\Program Files\IBM\ILOG\CPLEX_Studio2212\cpoptimizer\bin\x64_win64;C:\gurobi1201\win64\bin;C:\Program Files\MySQL\MySQL Server 8.4\bin;C:\Program Files\PostgreSQL\17\bin;C:\WINDOWS\system32;C:\WINDOWS;C:\WINDOWS\System32\Wbem;C:\WINDOWS\System32\WindowsPowerShell\v1.0\;C:\WINDOWS\System32\OpenSSH\;C:\Users\Admin\AppData\Local\Programs\Python\Python310\Scripts\;C:\Users\Admin\AppData\Local\Programs\Python\Python310\;C:\Users\Admin\AppData\Local\Microsoft\WindowsApps;C:\Users\Admin\AppData\Local\Programs\Microsoft VS Code\bin;C:\Users\Admin\AppData\Roaming\npm;C:\Program Files\PostgreSQL\17\bin;C:\Program Files\PostgreSQL\17\lib;C:\Program Files\PostgreSQL\17\;C:\Program Files\nodejs;C:\Windows\System32;C:\Program Files\MySQL\MySQL Server 8.4\bin;C:\Program Files\MySQL\MySQL Server 8.0\bin;D:\cursor\resources\app\bin;;D:\DataGrip\DataGrip 2025.1.2\bin;;D:\IntelliJ\IntelliJ IDEA 2025.1.1.1\bin;
USERNAME=Admin
OS=Windows_NT
PROCESSOR_IDENTIFIER=Intel64 Family 6 Model 140 Stepping 1, GenuineIntel
TMP=C:\Users\Admin\AppData\Local\Temp
TEMP=C:\Users\Admin\AppData\Local\Temp




Periodic native trim disabled

---------------  S Y S T E M  ---------------

OS:
 Windows 11 , 64 bit Build 26100 (10.0.26100.3912)
OS uptime: 3 days 3:42 hours
Hyper-V role detected

CPU: total 8 (initial active 8) (4 cores per cpu, 2 threads per core) family 6 model 140 stepping 1 microcode 0x86, cx8, cmov, fxsr, ht, mmx, 3dnowpref, sse, sse2, sse3, ssse3, sse4.1, sse4.2, popcnt, lzcnt, tsc, tscinvbit, avx, avx2, aes, erms, clmul, bmi1, bmi2, adx, avx512f, avx512dq, avx512cd, avx512bw, avx512vl, sha, fma, vzeroupper, avx512_vpopcntdq, avx512_vpclmulqdq, avx512_vaes, avx512_vnni, clflush, clflushopt, clwb, avx512_vbmi2, avx512_vbmi, hv, rdtscp, rdpid, fsrm, gfni, avx512_bitalg, f16c, cet_ibt, cet_ss, avx512_ifma
Processor Information for the first 8 processors :
  Max Mhz: 2419, Current Mhz: 2419, Mhz Limit: 2419

Memory: 4k page, system-wide physical 7957M (33M free)
TotalPageFile size 22501M (AvailPageFile size 55M)
current process WorkingSet (physical memory assigned to process): 163M, peak: 255M
current process commit charge ("private bytes"): 349M, peak: 349M

vm_info: OpenJDK 64-Bit Server VM (21.0.7+6-LTS) for windows-amd64 JRE (21.0.7+6-LTS), built on 2025-04-15T00:00:00Z by "admin" with MS VC++ 17.7 (VS2022)

END.
