#
# There is insufficient memory for the Java Runtime Environment to continue.
# Native memory allocation (malloc) failed to allocate 1468336 bytes. Error detail: Chunk::new
# Possible reasons:
#   The system is out of physical RAM or swap space
#   This process is running with CompressedOops enabled, and the Java Heap may be blocking the growth of the native heap
# Possible solutions:
#   Reduce memory load on the system
#   Increase physical memory or swap space
#   Check if swap backing store is full
#   Decrease Java heap size (-Xmx/-Xms)
#   Decrease number of Java threads
#   Decrease Java thread stack sizes (-Xss)
#   Set larger code cache with -XX:ReservedCodeCacheSize=
#   JVM is running with Unscaled Compressed Oops mode in which the Java heap is
#     placed in the first 4GB address space. The Java Heap base address is the
#     maximum limit for the native heap growth. Please use -XX:HeapBaseMinAddress
#     to set the Java Heap base and to place the Java Heap above 4GB virtual address.
# This output file may be truncated or incomplete.
#
#  Out of Memory Error (arena.cpp:168), pid=17992, tid=11092
#
# JRE version: OpenJDK Runtime Environment Temurin-21.0.7+6 (21.0.7+6) (build 21.0.7+6-LTS)
# Java VM: OpenJDK 64-Bit Server VM Temurin-21.0.7+6 (21.0.7+6-LTS, mixed mode, sharing, tiered, compressed oops, compressed class ptrs, parallel gc, windows-amd64)
# No core dump will be written. Minidumps are not enabled by default on client versions of Windows
#

---------------  S U M M A R Y ------------

Command Line: --add-modules=ALL-SYSTEM --add-opens=java.base/java.util=ALL-UNNAMED --add-opens=java.base/java.lang=ALL-UNNAMED --add-opens=java.base/sun.nio.fs=ALL-UNNAMED -Declipse.application=org.eclipse.jdt.ls.core.id1 -Dosgi.bundles.defaultStartLevel=4 -Declipse.product=org.eclipse.jdt.ls.core.product -Djava.import.generatesMetadataFilesAtProjectRoot=false -DDetectVMInstallationsJob.disabled=true -Dfile.encoding=utf8 -XX:+UseParallelGC -XX:GCTimeRatio=4 -XX:AdaptiveSizePolicyWeight=90 -Dsun.zip.disableMemoryMapping=true -Xmx1G -Xms100m -Xlog:disable -javaagent:c:\Users\Admin\.cursor\extensions\redhat.java-1.42.0-win32-x64\lombok\lombok-1.18.36.jar -XX:+HeapDumpOnOutOfMemoryError -XX:HeapDumpPath=c:\Users\Admin\AppData\Roaming\Cursor\User\workspaceStorage\35a13e1e22052e2fb17af876c25c1fbc\redhat.java -Daether.dependencyCollector.impl=bf c:\Users\Admin\.cursor\extensions\redhat.java-1.42.0-win32-x64\server\plugins\org.eclipse.equinox.launcher_1.7.0.v20250424-1814.jar -configuration c:\Users\Admin\AppData\Roaming\Cursor\User\globalStorage\redhat.java\1.42.0\config_win -data c:\Users\Admin\AppData\Roaming\Cursor\User\workspaceStorage\35a13e1e22052e2fb17af876c25c1fbc\redhat.java\jdt_ws --pipe=\\.\pipe\lsp-87548476306d690076df225b093d69a1-sock

Host: 11th Gen Intel(R) Core(TM) i5-1135G7 @ 2.40GHz, 8 cores, 7G,  Windows 11 , 64 bit Build 26100 (10.0.26100.3912)
Time: Fri Jun  6 22:18:11 2025 SE Asia Standard Time elapsed time: 79.998946 seconds (0d 0h 1m 19s)

---------------  T H R E A D  ---------------

Current thread (0x000001e04425c100):  JavaThread "C2 CompilerThread0" daemon [_thread_in_native, id=11092, stack(0x0000003e72a00000,0x0000003e72b00000) (1024K)]


Current CompileTask:
C2:79999 8649   !   4       org.eclipse.jdt.internal.core.search.indexing.BinaryIndexer::indexDocument (1168 bytes)

Stack: [0x0000003e72a00000,0x0000003e72b00000]
Native frames: (J=compiled Java code, j=interpreted, Vv=VM code, C=native code)
V  [jvm.dll+0x6ce119]
V  [jvm.dll+0x8a84a1]
V  [jvm.dll+0x8aa9ce]
V  [jvm.dll+0x8ab0b3]
V  [jvm.dll+0x27f8a6]
V  [jvm.dll+0xc507d]
V  [jvm.dll+0xc55b3]
V  [jvm.dll+0x3b68f2]
V  [jvm.dll+0x1dfe33]
V  [jvm.dll+0x247c42]
V  [jvm.dll+0x2470cf]
V  [jvm.dll+0x1c760e]
V  [jvm.dll+0x25695a]
V  [jvm.dll+0x254efa]
V  [jvm.dll+0x3f03f6]
V  [jvm.dll+0x851f6b]
V  [jvm.dll+0x6cc7dd]
C  [ucrtbase.dll+0x37b0]
C  [KERNEL32.DLL+0x2e8d7]
C  [ntdll.dll+0x9c5dc]


---------------  P R O C E S S  ---------------

Threads class SMR info:
_java_thread_list=0x000001e09754c620, length=43, elements={
0x000001e02fe9f580, 0x000001e02ff4dae0, 0x000001e04424fc70, 0x000001e0442573d0,
0x000001e044257e20, 0x000001e044258870, 0x000001e0442592c0, 0x000001e04425c100,
0x000001e08b04f8d0, 0x000001e02ff055c0, 0x000001e08b306190, 0x000001e08bb99860,
0x000001e08b5cf6c0, 0x000001e08b0625f0, 0x000001e08b0e2980, 0x000001e08c24bbf0,
0x000001e08c138ff0, 0x000001e08b8a08b0, 0x000001e08b8a0220, 0x000001e08b89d430,
0x000001e08b89dac0, 0x000001e08b89f500, 0x000001e08b89e150, 0x000001e08b89e7e0,
0x000001e08e876000, 0x000001e08e876690, 0x000001e08e876d20, 0x000001e08e8780d0,
0x000001e08e87a830, 0x000001e08e878760, 0x000001e08e8773b0, 0x000001e08e87aec0,
0x000001e08e877a40, 0x000001e08e87c270, 0x000001e08e87a1a0, 0x000001e08e87b550,
0x000001e08e87bbe0, 0x000001e08e878df0, 0x000001e08e62e180, 0x000001e08e62daf0,
0x000001e08e62eea0, 0x000001e08e62cdd0, 0x000001e08e62d460
}

Java Threads: ( => current thread )
  0x000001e02fe9f580 JavaThread "main"                              [_thread_blocked, id=7828, stack(0x0000003e72000000,0x0000003e72100000) (1024K)]
  0x000001e02ff4dae0 JavaThread "Reference Handler"          daemon [_thread_blocked, id=17540, stack(0x0000003e72400000,0x0000003e72500000) (1024K)]
  0x000001e04424fc70 JavaThread "Finalizer"                  daemon [_thread_blocked, id=21888, stack(0x0000003e72500000,0x0000003e72600000) (1024K)]
  0x000001e0442573d0 JavaThread "Signal Dispatcher"          daemon [_thread_blocked, id=19016, stack(0x0000003e72600000,0x0000003e72700000) (1024K)]
  0x000001e044257e20 JavaThread "Attach Listener"            daemon [_thread_blocked, id=21108, stack(0x0000003e72700000,0x0000003e72800000) (1024K)]
  0x000001e044258870 JavaThread "Service Thread"             daemon [_thread_blocked, id=4404, stack(0x0000003e72800000,0x0000003e72900000) (1024K)]
  0x000001e0442592c0 JavaThread "Monitor Deflation Thread"   daemon [_thread_blocked, id=18644, stack(0x0000003e72900000,0x0000003e72a00000) (1024K)]
=>0x000001e04425c100 JavaThread "C2 CompilerThread0"         daemon [_thread_in_native, id=11092, stack(0x0000003e72a00000,0x0000003e72b00000) (1024K)]
  0x000001e08b04f8d0 JavaThread "C1 CompilerThread0"         daemon [_thread_blocked, id=16372, stack(0x0000003e72b00000,0x0000003e72c00000) (1024K)]
  0x000001e02ff055c0 JavaThread "Common-Cleaner"             daemon [_thread_blocked, id=15664, stack(0x0000003e72c00000,0x0000003e72d00000) (1024K)]
  0x000001e08b306190 JavaThread "Notification Thread"        daemon [_thread_blocked, id=15952, stack(0x0000003e72d00000,0x0000003e72e00000) (1024K)]
  0x000001e08bb99860 JavaThread "Active Thread: Equinox Container: 7acc4f46-dec3-4624-970b-3780d50974c8"        [_thread_blocked, id=16968, stack(0x0000003e73400000,0x0000003e73500000) (1024K)]
  0x000001e08b5cf6c0 JavaThread "Refresh Thread: Equinox Container: 7acc4f46-dec3-4624-970b-3780d50974c8" daemon [_thread_blocked, id=9724, stack(0x0000003e73500000,0x0000003e73600000) (1024K)]
  0x000001e08b0625f0 JavaThread "Framework Event Dispatcher: Equinox Container: 7acc4f46-dec3-4624-970b-3780d50974c8" daemon [_thread_blocked, id=12168, stack(0x0000003e73700000,0x0000003e73800000) (1024K)]
  0x000001e08b0e2980 JavaThread "Start Level: Equinox Container: 7acc4f46-dec3-4624-970b-3780d50974c8" daemon [_thread_blocked, id=20096, stack(0x0000003e73800000,0x0000003e73900000) (1024K)]
  0x000001e08c24bbf0 JavaThread "Bundle File Closer"         daemon [_thread_blocked, id=16988, stack(0x0000003e71e00000,0x0000003e71f00000) (1024K)]
  0x000001e08c138ff0 JavaThread "SCR Component Actor"        daemon [_thread_blocked, id=4288, stack(0x0000003e73900000,0x0000003e73a00000) (1024K)]
  0x000001e08b8a08b0 JavaThread "Worker-JM"                         [_thread_blocked, id=14652, stack(0x0000003e73c00000,0x0000003e73d00000) (1024K)]
  0x000001e08b8a0220 JavaThread "JNA Cleaner"                daemon [_thread_blocked, id=18532, stack(0x0000003e73b00000,0x0000003e73c00000) (1024K)]
  0x000001e08b89d430 JavaThread "Worker-0"                          [_thread_blocked, id=16276, stack(0x0000003e73d00000,0x0000003e73e00000) (1024K)]
  0x000001e08b89dac0 JavaThread "Worker-1: Java indexing... "        [_thread_blocked, id=2712, stack(0x0000003e73e00000,0x0000003e73f00000) (1024K)]
  0x000001e08b89f500 JavaThread "Worker-2"                          [_thread_blocked, id=15596, stack(0x0000003e73f00000,0x0000003e74000000) (1024K)]
  0x000001e08b89e150 JavaThread "Worker-3"                          [_thread_blocked, id=22088, stack(0x0000003e74000000,0x0000003e74100000) (1024K)]
  0x000001e08b89e7e0 JavaThread "Java indexing"              daemon [_thread_in_Java, id=13180, stack(0x0000003e74100000,0x0000003e74200000) (1024K)]
  0x000001e08e876000 JavaThread "Worker-4"                          [_thread_blocked, id=14796, stack(0x0000003e74400000,0x0000003e74500000) (1024K)]
  0x000001e08e876690 JavaThread "Worker-5: Initialize Workspace"        [_thread_blocked, id=12612, stack(0x0000003e74500000,0x0000003e74600000) (1024K)]
  0x000001e08e876d20 JavaThread "Thread-2"                   daemon [_thread_in_native, id=14260, stack(0x0000003e74600000,0x0000003e74700000) (1024K)]
  0x000001e08e8780d0 JavaThread "Thread-3"                   daemon [_thread_in_native, id=18312, stack(0x0000003e74700000,0x0000003e74800000) (1024K)]
  0x000001e08e87a830 JavaThread "Thread-4"                   daemon [_thread_in_native, id=15016, stack(0x0000003e74800000,0x0000003e74900000) (1024K)]
  0x000001e08e878760 JavaThread "Thread-5"                   daemon [_thread_in_native, id=11012, stack(0x0000003e74900000,0x0000003e74a00000) (1024K)]
  0x000001e08e8773b0 JavaThread "Thread-6"                   daemon [_thread_in_native, id=9372, stack(0x0000003e74a00000,0x0000003e74b00000) (1024K)]
  0x000001e08e87aec0 JavaThread "Thread-7"                   daemon [_thread_in_native, id=14208, stack(0x0000003e74b00000,0x0000003e74c00000) (1024K)]
  0x000001e08e877a40 JavaThread "Thread-8"                   daemon [_thread_in_native, id=15836, stack(0x0000003e74c00000,0x0000003e74d00000) (1024K)]
  0x000001e08e87c270 JavaThread "Thread-9"                   daemon [_thread_in_native, id=2760, stack(0x0000003e74d00000,0x0000003e74e00000) (1024K)]
  0x000001e08e87a1a0 JavaThread "Thread-10"                  daemon [_thread_in_native, id=17424, stack(0x0000003e74e00000,0x0000003e74f00000) (1024K)]
  0x000001e08e87b550 JavaThread "pool-2-thread-1"                   [_thread_blocked, id=8164, stack(0x0000003e74f00000,0x0000003e75000000) (1024K)]
  0x000001e08e87bbe0 JavaThread "WorkspaceEventsHandler"            [_thread_blocked, id=12068, stack(0x0000003e75000000,0x0000003e75100000) (1024K)]
  0x000001e08e878df0 JavaThread "pool-1-thread-1"                   [_thread_blocked, id=17344, stack(0x0000003e75100000,0x0000003e75200000) (1024K)]
  0x000001e08e62e180 JavaThread "Timer-0"                           [_thread_blocked, id=22136, stack(0x0000003e73a00000,0x0000003e73b00000) (1024K)]
  0x000001e08e62daf0 JavaThread "Connection worker"                 [_thread_blocked, id=19728, stack(0x0000003e75400000,0x0000003e75500000) (1024K)]
  0x000001e08e62eea0 JavaThread "Exec process"                      [_thread_in_native, id=20920, stack(0x0000003e75300000,0x0000003e75400000) (1024K)]
  0x000001e08e62cdd0 JavaThread "Exec process Thread 2"             [_thread_in_native, id=15796, stack(0x0000003e75500000,0x0000003e75600000) (1024K)]
  0x000001e08e62d460 JavaThread "Exec process Thread 3"             [_thread_in_native, id=21092, stack(0x0000003e75600000,0x0000003e75700000) (1024K)]
Total: 43

Other Threads:
  0x000001e0442435f0 VMThread "VM Thread"                           [id=3948, stack(0x0000003e72300000,0x0000003e72400000) (1024K)]
  0x000001e02ff04660 WatcherThread "VM Periodic Task Thread"        [id=20488, stack(0x0000003e72200000,0x0000003e72300000) (1024K)]
  0x000001e02feb6ef0 WorkerThread "GC Thread#0"                     [id=12356, stack(0x0000003e72100000,0x0000003e72200000) (1024K)]
  0x000001e08b57dc30 WorkerThread "GC Thread#1"                     [id=18564, stack(0x0000003e72e00000,0x0000003e72f00000) (1024K)]
  0x000001e08b57e3d0 WorkerThread "GC Thread#2"                     [id=21364, stack(0x0000003e72f00000,0x0000003e73000000) (1024K)]
  0x000001e08b57e770 WorkerThread "GC Thread#3"                     [id=12304, stack(0x0000003e73000000,0x0000003e73100000) (1024K)]
  0x000001e08b57eb10 WorkerThread "GC Thread#4"                     [id=8372, stack(0x0000003e73100000,0x0000003e73200000) (1024K)]
  0x000001e08b635530 WorkerThread "GC Thread#5"                     [id=5348, stack(0x0000003e73200000,0x0000003e73300000) (1024K)]
  0x000001e08b6358d0 WorkerThread "GC Thread#6"                     [id=10320, stack(0x0000003e73300000,0x0000003e73400000) (1024K)]
  0x000001e08bb52fb0 WorkerThread "GC Thread#7"                     [id=13200, stack(0x0000003e73600000,0x0000003e73700000) (1024K)]
Total: 10

Threads with active compile tasks:
C2 CompilerThread0  80085 8649   !   4       org.eclipse.jdt.internal.core.search.indexing.BinaryIndexer::indexDocument (1168 bytes)
Total: 1

VM state: not at safepoint (normal execution)

VM Mutex/Monitor currently owned by a thread: None

Heap address: 0x00000000c0000000, size: 1024 MB, Compressed Oops mode: 32-bit

CDS archive(s) mapped at: [0x000001e045000000-0x000001e045ba0000-0x000001e045ba0000), size 12189696, SharedBaseAddress: 0x000001e045000000, ArchiveRelocationMode: 1.
Compressed class space mapped at: 0x000001e046000000-0x000001e086000000, reserved size: 1073741824
Narrow klass base: 0x000001e045000000, Narrow klass shift: 0, Narrow klass range: 0x100000000

GC Precious Log:
 CardTable entry size: 512
 CPUs: 8 total, 8 available
 Memory: 7957M
 Large Page Support: Disabled
 NUMA Support: Disabled
 Compressed Oops: Enabled (32-bit)
 Alignments: Space 512K, Generation 512K, Heap 2M
 Heap Min Capacity: 100M
 Heap Initial Capacity: 100M
 Heap Max Capacity: 1G
 Pre-touch: Disabled
 Parallel Workers: 8

Heap:
 PSYoungGen      total 6656K, used 1885K [0x00000000eab00000, 0x00000000eb900000, 0x0000000100000000)
  eden space 5120K, 6% used [0x00000000eab00000,0x00000000eab58620,0x00000000eb000000)
  from space 1536K, 99% used [0x00000000eb300000,0x00000000eb47f0f0,0x00000000eb480000)
  to   space 3072K, 0% used [0x00000000eb000000,0x00000000eb000000,0x00000000eb300000)
 ParOldGen       total 124928K, used 124588K [0x00000000c0000000, 0x00000000c7a00000, 0x00000000eab00000)
  object space 124928K, 99% used [0x00000000c0000000,0x00000000c79ab2e8,0x00000000c7a00000)
 Metaspace       used 64335K, committed 65728K, reserved 1114112K
  class space    used 7359K, committed 7936K, reserved 1048576K

Card table byte_map: [0x000001e02f830000,0x000001e02fa40000] _byte_map_base: 0x000001e02f230000

Marking Bits: (ParMarkBitMap*) 0x00007ffd466b31f0
 Begin Bits: [0x000001e042080000, 0x000001e043080000)
 End Bits:   [0x000001e043080000, 0x000001e044080000)

Polling page: 0x000001e02dc80000

Metaspace:

Usage:
  Non-class:     55.64 MB used.
      Class:      7.19 MB used.
       Both:     62.83 MB used.

Virtual space:
  Non-class space:       64.00 MB reserved,      56.44 MB ( 88%) committed,  1 nodes.
      Class space:        1.00 GB reserved,       7.75 MB ( <1%) committed,  1 nodes.
             Both:        1.06 GB reserved,      64.19 MB (  6%) committed. 

Chunk freelists:
   Non-Class:  7.29 MB
       Class:  8.22 MB
        Both:  15.51 MB

MaxMetaspaceSize: unlimited
CompressedClassSpaceSize: 1.00 GB
Initial GC threshold: 21.00 MB
Current GC threshold: 97.31 MB
CDS: on
 - commit_granule_bytes: 65536.
 - commit_granule_words: 8192.
 - virtual_space_node_default_size: 8388608.
 - enlarge_chunks_in_place: 1.
 - use_allocation_guard: 0.


Internal statistics:

num_allocs_failed_limit: 9.
num_arena_births: 1100.
num_arena_deaths: 18.
num_vsnodes_births: 2.
num_vsnodes_deaths: 0.
num_space_committed: 1027.
num_space_uncommitted: 0.
num_chunks_returned_to_freelist: 27.
num_chunks_taken_from_freelist: 3707.
num_chunk_merges: 15.
num_chunk_splits: 2419.
num_chunks_enlarged: 1522.
num_inconsistent_stats: 0.

CodeHeap 'non-profiled nmethods': size=120000Kb used=4583Kb max_used=4583Kb free=115416Kb
 bounds [0x000001e03ab50000, 0x000001e03afd0000, 0x000001e042080000]
CodeHeap 'profiled nmethods': size=120000Kb used=15691Kb max_used=15691Kb free=104308Kb
 bounds [0x000001e033080000, 0x000001e033fe0000, 0x000001e03a5b0000]
CodeHeap 'non-nmethods': size=5760Kb used=1452Kb max_used=1511Kb free=4308Kb
 bounds [0x000001e03a5b0000, 0x000001e03a820000, 0x000001e03ab50000]
 total_blobs=8628 nmethods=7874 adapters=660
 compilation: enabled
              stopped_count=0, restarted_count=0
 full_count=0

Compilation events (20 events):
Event: 78.206 Thread 0x000001e04425c100 nmethod 8637 0x000001e03afc3610 code [0x000001e03afc37a0, 0x000001e03afc38a0]
Event: 78.206 Thread 0x000001e04425c100 8627       4       jdk.internal.misc.Unsafe::copyMemory (33 bytes)
Event: 78.210 Thread 0x000001e04425c100 nmethod 8627 0x000001e03afc3990 code [0x000001e03afc3b40, 0x000001e03afc3f00]
Event: 78.210 Thread 0x000001e04425c100 8631       4       java.nio.MappedByteBuffer::position (6 bytes)
Event: 78.212 Thread 0x000001e04425c100 nmethod 8631 0x000001e03afc4290 code [0x000001e03afc4420, 0x000001e03afc4518]
Event: 78.212 Thread 0x000001e04425c100 8632       4       java.nio.ByteBuffer::get (54 bytes)
Event: 78.234 Thread 0x000001e04425c100 nmethod 8632 0x000001e03afc4610 code [0x000001e03afc47e0, 0x000001e03afc4f08]
Event: 78.234 Thread 0x000001e04425c100 8630       4       java.util.Collections$EmptySet::iterator (4 bytes)
Event: 78.236 Thread 0x000001e04425c100 nmethod 8630 0x000001e03afc5590 code [0x000001e03afc5720, 0x000001e03afc57b0]
Event: 78.236 Thread 0x000001e04425c100 8634       4       jdk.internal.loader.URLClassPath$JarLoader$2::getCodeSigners (8 bytes)
Event: 78.236 Thread 0x000001e04425c100 nmethod 8634 0x000001e03afc5890 code [0x000001e03afc5a20, 0x000001e03afc5ad0]
Event: 78.254 Thread 0x000001e04425c100 8646       4       org.eclipse.jdt.internal.core.index.Index::containerRelativePath (54 bytes)
Event: 78.260 Thread 0x000001e04425c100 nmethod 8646 0x000001e03afc5b90 code [0x000001e03afc5d40, 0x000001e03afc6380]
Event: 78.261 Thread 0x000001e04425c100 8647       4       org.eclipse.jdt.internal.core.search.matching.ConstructorPattern::createDeclarationIndexKey (583 bytes)
Event: 78.291 Thread 0x000001e08b04f8d0 8651       2       jdk.internal.jrtfs.JrtFileSystem::newByteChannel (44 bytes)
Event: 78.291 Thread 0x000001e08b04f8d0 nmethod 8651 0x000001e033fd2590 code [0x000001e033fd2780, 0x000001e033fd2ce8]
Event: 78.291 Thread 0x000001e08b04f8d0 8652       2       java.nio.channels.Channels::newChannel (33 bytes)
Event: 78.292 Thread 0x000001e08b04f8d0 nmethod 8652 0x000001e033fd3010 code [0x000001e033fd31e0, 0x000001e033fd3670]
Event: 78.316 Thread 0x000001e04425c100 nmethod 8647 0x000001e03afc6710 code [0x000001e03afc69c0, 0x000001e03afc8788]
Event: 78.316 Thread 0x000001e04425c100 8649   !   4       org.eclipse.jdt.internal.core.search.indexing.BinaryIndexer::indexDocument (1168 bytes)

GC Heap History (20 events):
Event: 76.942 GC heap before
{Heap before GC invocations=58 (full 3):
 PSYoungGen      total 10752K, used 10751K [0x00000000eab00000, 0x00000000ebb00000, 0x0000000100000000)
  eden space 9216K, 100% used [0x00000000eab00000,0x00000000eb400000,0x00000000eb400000)
  from space 1536K, 99% used [0x00000000eb780000,0x00000000eb8ffc90,0x00000000eb900000)
  to   space 3584K, 0% used [0x00000000eb400000,0x00000000eb400000,0x00000000eb780000)
 ParOldGen       total 107008K, used 106740K [0x00000000c0000000, 0x00000000c6880000, 0x00000000eab00000)
  object space 107008K, 99% used [0x00000000c0000000,0x00000000c683d018,0x00000000c6880000)
 Metaspace       used 62988K, committed 64384K, reserved 1114112K
  class space    used 7155K, committed 7744K, reserved 1048576K
}
Event: 76.945 GC heap after
{Heap after GC invocations=58 (full 3):
 PSYoungGen      total 11264K, used 1696K [0x00000000eab00000, 0x00000000eb900000, 0x0000000100000000)
  eden space 9216K, 0% used [0x00000000eab00000,0x00000000eab00000,0x00000000eb400000)
  from space 2048K, 82% used [0x00000000eb400000,0x00000000eb5a8178,0x00000000eb600000)
  to   space 2560K, 0% used [0x00000000eb680000,0x00000000eb680000,0x00000000eb900000)
 ParOldGen       total 108544K, used 108227K [0x00000000c0000000, 0x00000000c6a00000, 0x00000000eab00000)
  object space 108544K, 99% used [0x00000000c0000000,0x00000000c69b0d18,0x00000000c6a00000)
 Metaspace       used 62988K, committed 64384K, reserved 1114112K
  class space    used 7155K, committed 7744K, reserved 1048576K
}
Event: 77.038 GC heap before
{Heap before GC invocations=59 (full 3):
 PSYoungGen      total 11264K, used 10912K [0x00000000eab00000, 0x00000000eb900000, 0x0000000100000000)
  eden space 9216K, 100% used [0x00000000eab00000,0x00000000eb400000,0x00000000eb400000)
  from space 2048K, 82% used [0x00000000eb400000,0x00000000eb5a8178,0x00000000eb600000)
  to   space 2560K, 0% used [0x00000000eb680000,0x00000000eb680000,0x00000000eb900000)
 ParOldGen       total 108544K, used 108227K [0x00000000c0000000, 0x00000000c6a00000, 0x00000000eab00000)
  object space 108544K, 99% used [0x00000000c0000000,0x00000000c69b0d18,0x00000000c6a00000)
 Metaspace       used 63248K, committed 64640K, reserved 1114112K
  class space    used 7206K, committed 7808K, reserved 1048576K
}
Event: 77.041 GC heap after
{Heap after GC invocations=59 (full 3):
 PSYoungGen      total 11264K, used 1702K [0x00000000eab00000, 0x00000000eb880000, 0x0000000100000000)
  eden space 9216K, 0% used [0x00000000eab00000,0x00000000eab00000,0x00000000eb400000)
  from space 2048K, 83% used [0x00000000eb680000,0x00000000eb829908,0x00000000eb880000)
  to   space 2048K, 0% used [0x00000000eb400000,0x00000000eb400000,0x00000000eb600000)
 ParOldGen       total 110080K, used 109800K [0x00000000c0000000, 0x00000000c6b80000, 0x00000000eab00000)
  object space 110080K, 99% used [0x00000000c0000000,0x00000000c6b3a018,0x00000000c6b80000)
 Metaspace       used 63248K, committed 64640K, reserved 1114112K
  class space    used 7206K, committed 7808K, reserved 1048576K
}
Event: 77.365 GC heap before
{Heap before GC invocations=60 (full 3):
 PSYoungGen      total 11264K, used 10918K [0x00000000eab00000, 0x00000000eb880000, 0x0000000100000000)
  eden space 9216K, 100% used [0x00000000eab00000,0x00000000eb400000,0x00000000eb400000)
  from space 2048K, 83% used [0x00000000eb680000,0x00000000eb829908,0x00000000eb880000)
  to   space 2048K, 0% used [0x00000000eb400000,0x00000000eb400000,0x00000000eb600000)
 ParOldGen       total 110080K, used 109800K [0x00000000c0000000, 0x00000000c6b80000, 0x00000000eab00000)
  object space 110080K, 99% used [0x00000000c0000000,0x00000000c6b3a018,0x00000000c6b80000)
 Metaspace       used 63615K, committed 65024K, reserved 1114112K
  class space    used 7273K, committed 7872K, reserved 1048576K
}
Event: 77.370 GC heap after
{Heap after GC invocations=60 (full 3):
 PSYoungGen      total 11264K, used 1748K [0x00000000eab00000, 0x00000000eb800000, 0x0000000100000000)
  eden space 9216K, 0% used [0x00000000eab00000,0x00000000eab00000,0x00000000eb400000)
  from space 2048K, 85% used [0x00000000eb400000,0x00000000eb5b51d0,0x00000000eb600000)
  to   space 2048K, 0% used [0x00000000eb600000,0x00000000eb600000,0x00000000eb800000)
 ParOldGen       total 111616K, used 111399K [0x00000000c0000000, 0x00000000c6d00000, 0x00000000eab00000)
  object space 111616K, 99% used [0x00000000c0000000,0x00000000c6cc9f70,0x00000000c6d00000)
 Metaspace       used 63615K, committed 65024K, reserved 1114112K
  class space    used 7273K, committed 7872K, reserved 1048576K
}
Event: 77.673 GC heap before
{Heap before GC invocations=61 (full 3):
 PSYoungGen      total 11264K, used 10964K [0x00000000eab00000, 0x00000000eb800000, 0x0000000100000000)
  eden space 9216K, 100% used [0x00000000eab00000,0x00000000eb400000,0x00000000eb400000)
  from space 2048K, 85% used [0x00000000eb400000,0x00000000eb5b51d0,0x00000000eb600000)
  to   space 2048K, 0% used [0x00000000eb600000,0x00000000eb600000,0x00000000eb800000)
 ParOldGen       total 111616K, used 111399K [0x00000000c0000000, 0x00000000c6d00000, 0x00000000eab00000)
  object space 111616K, 99% used [0x00000000c0000000,0x00000000c6cc9f70,0x00000000c6d00000)
 Metaspace       used 63829K, committed 65152K, reserved 1114112K
  class space    used 7311K, committed 7872K, reserved 1048576K
}
Event: 77.676 GC heap after
{Heap after GC invocations=61 (full 3):
 PSYoungGen      total 11264K, used 1973K [0x00000000eab00000, 0x00000000eb800000, 0x0000000100000000)
  eden space 9216K, 0% used [0x00000000eab00000,0x00000000eab00000,0x00000000eb400000)
  from space 2048K, 96% used [0x00000000eb600000,0x00000000eb7ed698,0x00000000eb800000)
  to   space 2048K, 0% used [0x00000000eb400000,0x00000000eb400000,0x00000000eb600000)
 ParOldGen       total 113152K, used 112974K [0x00000000c0000000, 0x00000000c6e80000, 0x00000000eab00000)
  object space 113152K, 99% used [0x00000000c0000000,0x00000000c6e538d8,0x00000000c6e80000)
 Metaspace       used 63829K, committed 65152K, reserved 1114112K
  class space    used 7311K, committed 7872K, reserved 1048576K
}
Event: 77.825 GC heap before
{Heap before GC invocations=62 (full 3):
 PSYoungGen      total 11264K, used 11189K [0x00000000eab00000, 0x00000000eb800000, 0x0000000100000000)
  eden space 9216K, 100% used [0x00000000eab00000,0x00000000eb400000,0x00000000eb400000)
  from space 2048K, 96% used [0x00000000eb600000,0x00000000eb7ed698,0x00000000eb800000)
  to   space 2048K, 0% used [0x00000000eb400000,0x00000000eb400000,0x00000000eb600000)
 ParOldGen       total 113152K, used 112974K [0x00000000c0000000, 0x00000000c6e80000, 0x00000000eab00000)
  object space 113152K, 99% used [0x00000000c0000000,0x00000000c6e538d8,0x00000000c6e80000)
 Metaspace       used 64121K, committed 65472K, reserved 1114112K
  class space    used 7338K, committed 7936K, reserved 1048576K
}
Event: 77.829 GC heap after
{Heap after GC invocations=62 (full 3):
 PSYoungGen      total 11264K, used 1870K [0x00000000eab00000, 0x00000000eb800000, 0x0000000100000000)
  eden space 9216K, 0% used [0x00000000eab00000,0x00000000eab00000,0x00000000eb400000)
  from space 2048K, 91% used [0x00000000eb400000,0x00000000eb5d3a38,0x00000000eb600000)
  to   space 2048K, 0% used [0x00000000eb600000,0x00000000eb600000,0x00000000eb800000)
 ParOldGen       total 115200K, used 114815K [0x00000000c0000000, 0x00000000c7080000, 0x00000000eab00000)
  object space 115200K, 99% used [0x00000000c0000000,0x00000000c701ff18,0x00000000c7080000)
 Metaspace       used 64121K, committed 65472K, reserved 1114112K
  class space    used 7338K, committed 7936K, reserved 1048576K
}
Event: 78.062 GC heap before
{Heap before GC invocations=63 (full 3):
 PSYoungGen      total 11264K, used 11086K [0x00000000eab00000, 0x00000000eb800000, 0x0000000100000000)
  eden space 9216K, 100% used [0x00000000eab00000,0x00000000eb400000,0x00000000eb400000)
  from space 2048K, 91% used [0x00000000eb400000,0x00000000eb5d3a38,0x00000000eb600000)
  to   space 2048K, 0% used [0x00000000eb600000,0x00000000eb600000,0x00000000eb800000)
 ParOldGen       total 115200K, used 114815K [0x00000000c0000000, 0x00000000c7080000, 0x00000000eab00000)
  object space 115200K, 99% used [0x00000000c0000000,0x00000000c701ff18,0x00000000c7080000)
 Metaspace       used 64319K, committed 65728K, reserved 1114112K
  class space    used 7356K, committed 7936K, reserved 1048576K
}
Event: 78.069 GC heap after
{Heap after GC invocations=63 (full 3):
 PSYoungGen      total 8704K, used 2036K [0x00000000eab00000, 0x00000000ebd00000, 0x0000000100000000)
  eden space 6656K, 0% used [0x00000000eab00000,0x00000000eab00000,0x00000000eb180000)
  from space 2048K, 99% used [0x00000000eb600000,0x00000000eb7fd0d0,0x00000000eb800000)
  to   space 4608K, 0% used [0x00000000eb180000,0x00000000eb180000,0x00000000eb600000)
 ParOldGen       total 116736K, used 116576K [0x00000000c0000000, 0x00000000c7200000, 0x00000000eab00000)
  object space 116736K, 99% used [0x00000000c0000000,0x00000000c71d8310,0x00000000c7200000)
 Metaspace       used 64319K, committed 65728K, reserved 1114112K
  class space    used 7356K, committed 7936K, reserved 1048576K
}
Event: 78.318 GC heap before
{Heap before GC invocations=64 (full 3):
 PSYoungGen      total 8704K, used 8692K [0x00000000eab00000, 0x00000000ebd00000, 0x0000000100000000)
  eden space 6656K, 100% used [0x00000000eab00000,0x00000000eb180000,0x00000000eb180000)
  from space 2048K, 99% used [0x00000000eb600000,0x00000000eb7fd0d0,0x00000000eb800000)
  to   space 4608K, 0% used [0x00000000eb180000,0x00000000eb180000,0x00000000eb600000)
 ParOldGen       total 116736K, used 116576K [0x00000000c0000000, 0x00000000c7200000, 0x00000000eab00000)
  object space 116736K, 99% used [0x00000000c0000000,0x00000000c71d8310,0x00000000c7200000)
 Metaspace       used 64335K, committed 65728K, reserved 1114112K
  class space    used 7359K, committed 7936K, reserved 1048576K
}
Event: 78.321 GC heap after
{Heap after GC invocations=64 (full 3):
 PSYoungGen      total 8704K, used 1694K [0x00000000eab00000, 0x00000000eb680000, 0x0000000100000000)
  eden space 6656K, 0% used [0x00000000eab00000,0x00000000eab00000,0x00000000eb180000)
  from space 2048K, 82% used [0x00000000eb180000,0x00000000eb327b70,0x00000000eb380000)
  to   space 2560K, 0% used [0x00000000eb400000,0x00000000eb400000,0x00000000eb680000)
 ParOldGen       total 118784K, used 118549K [0x00000000c0000000, 0x00000000c7400000, 0x00000000eab00000)
  object space 118784K, 99% used [0x00000000c0000000,0x00000000c73c54c0,0x00000000c7400000)
 Metaspace       used 64335K, committed 65728K, reserved 1114112K
  class space    used 7359K, committed 7936K, reserved 1048576K
}
Event: 78.469 GC heap before
{Heap before GC invocations=65 (full 3):
 PSYoungGen      total 8704K, used 8350K [0x00000000eab00000, 0x00000000eb680000, 0x0000000100000000)
  eden space 6656K, 100% used [0x00000000eab00000,0x00000000eb180000,0x00000000eb180000)
  from space 2048K, 82% used [0x00000000eb180000,0x00000000eb327b70,0x00000000eb380000)
  to   space 2560K, 0% used [0x00000000eb400000,0x00000000eb400000,0x00000000eb680000)
 ParOldGen       total 118784K, used 118549K [0x00000000c0000000, 0x00000000c7400000, 0x00000000eab00000)
  object space 118784K, 99% used [0x00000000c0000000,0x00000000c73c54c0,0x00000000c7400000)
 Metaspace       used 64335K, committed 65728K, reserved 1114112K
  class space    used 7359K, committed 7936K, reserved 1048576K
}
Event: 78.471 GC heap after
{Heap after GC invocations=65 (full 3):
 PSYoungGen      total 8704K, used 1765K [0x00000000eab00000, 0x00000000eb600000, 0x0000000100000000)
  eden space 6656K, 0% used [0x00000000eab00000,0x00000000eab00000,0x00000000eb180000)
  from space 2048K, 86% used [0x00000000eb400000,0x00000000eb5b9440,0x00000000eb600000)
  to   space 2048K, 0% used [0x00000000eb180000,0x00000000eb180000,0x00000000eb380000)
 ParOldGen       total 120320K, used 120073K [0x00000000c0000000, 0x00000000c7580000, 0x00000000eab00000)
  object space 120320K, 99% used [0x00000000c0000000,0x00000000c7542608,0x00000000c7580000)
 Metaspace       used 64335K, committed 65728K, reserved 1114112K
  class space    used 7359K, committed 7936K, reserved 1048576K
}
Event: 78.871 GC heap before
{Heap before GC invocations=66 (full 3):
 PSYoungGen      total 8704K, used 8421K [0x00000000eab00000, 0x00000000eb600000, 0x0000000100000000)
  eden space 6656K, 100% used [0x00000000eab00000,0x00000000eb180000,0x00000000eb180000)
  from space 2048K, 86% used [0x00000000eb400000,0x00000000eb5b9440,0x00000000eb600000)
  to   space 2048K, 0% used [0x00000000eb180000,0x00000000eb180000,0x00000000eb380000)
 ParOldGen       total 120320K, used 120073K [0x00000000c0000000, 0x00000000c7580000, 0x00000000eab00000)
  object space 120320K, 99% used [0x00000000c0000000,0x00000000c7542608,0x00000000c7580000)
 Metaspace       used 64335K, committed 65728K, reserved 1114112K
  class space    used 7359K, committed 7936K, reserved 1048576K
}
Event: 78.888 GC heap after
{Heap after GC invocations=66 (full 3):
 PSYoungGen      total 8192K, used 1243K [0x00000000eab00000, 0x00000000eb480000, 0x0000000100000000)
  eden space 6656K, 0% used [0x00000000eab00000,0x00000000eab00000,0x00000000eb180000)
  from space 1536K, 80% used [0x00000000eb180000,0x00000000eb2b6da8,0x00000000eb300000)
  to   space 1536K, 0% used [0x00000000eb300000,0x00000000eb300000,0x00000000eb480000)
 ParOldGen       total 123904K, used 123432K [0x00000000c0000000, 0x00000000c7900000, 0x00000000eab00000)
  object space 123904K, 99% used [0x00000000c0000000,0x00000000c788a328,0x00000000c7900000)
 Metaspace       used 64335K, committed 65728K, reserved 1114112K
  class space    used 7359K, committed 7936K, reserved 1048576K
}
Event: 79.056 GC heap before
{Heap before GC invocations=67 (full 3):
 PSYoungGen      total 8192K, used 7899K [0x00000000eab00000, 0x00000000eb480000, 0x0000000100000000)
  eden space 6656K, 100% used [0x00000000eab00000,0x00000000eb180000,0x00000000eb180000)
  from space 1536K, 80% used [0x00000000eb180000,0x00000000eb2b6da8,0x00000000eb300000)
  to   space 1536K, 0% used [0x00000000eb300000,0x00000000eb300000,0x00000000eb480000)
 ParOldGen       total 123904K, used 123432K [0x00000000c0000000, 0x00000000c7900000, 0x00000000eab00000)
  object space 123904K, 99% used [0x00000000c0000000,0x00000000c788a328,0x00000000c7900000)
 Metaspace       used 64335K, committed 65728K, reserved 1114112K
  class space    used 7359K, committed 7936K, reserved 1048576K
}
Event: 79.991 GC heap after
{Heap after GC invocations=67 (full 3):
 PSYoungGen      total 6656K, used 1532K [0x00000000eab00000, 0x00000000eb900000, 0x0000000100000000)
  eden space 5120K, 0% used [0x00000000eab00000,0x00000000eab00000,0x00000000eb000000)
  from space 1536K, 99% used [0x00000000eb300000,0x00000000eb47f0f0,0x00000000eb480000)
  to   space 3072K, 0% used [0x00000000eb000000,0x00000000eb000000,0x00000000eb300000)
 ParOldGen       total 124928K, used 124588K [0x00000000c0000000, 0x00000000c7a00000, 0x00000000eab00000)
  object space 124928K, 99% used [0x00000000c0000000,0x00000000c79ab2e8,0x00000000c7a00000)
 Metaspace       used 64335K, committed 65728K, reserved 1114112K
  class space    used 7359K, committed 7936K, reserved 1048576K
}

Dll operation events (15 events):
Event: 0.025 Loaded shared library c:\Users\Admin\.cursor\extensions\redhat.java-1.42.0-win32-x64\jre\21.0.7-win32-x86_64\bin\java.dll
Event: 0.183 Loaded shared library c:\Users\Admin\.cursor\extensions\redhat.java-1.42.0-win32-x64\jre\21.0.7-win32-x86_64\bin\zip.dll
Event: 0.248 Loaded shared library C:\Users\Admin\.cursor\extensions\redhat.java-1.42.0-win32-x64\jre\21.0.7-win32-x86_64\bin\instrument.dll
Event: 0.261 Loaded shared library C:\Users\Admin\.cursor\extensions\redhat.java-1.42.0-win32-x64\jre\21.0.7-win32-x86_64\bin\net.dll
Event: 0.265 Loaded shared library C:\Users\Admin\.cursor\extensions\redhat.java-1.42.0-win32-x64\jre\21.0.7-win32-x86_64\bin\nio.dll
Event: 0.276 Loaded shared library C:\Users\Admin\.cursor\extensions\redhat.java-1.42.0-win32-x64\jre\21.0.7-win32-x86_64\bin\zip.dll
Event: 0.328 Loaded shared library C:\Users\Admin\.cursor\extensions\redhat.java-1.42.0-win32-x64\jre\21.0.7-win32-x86_64\bin\jimage.dll
Event: 0.580 Loaded shared library c:\Users\Admin\.cursor\extensions\redhat.java-1.42.0-win32-x64\jre\21.0.7-win32-x86_64\bin\verify.dll
Event: 27.555 Loaded shared library C:\Users\Admin\AppData\Roaming\Cursor\User\globalStorage\redhat.java\1.42.0\config_win\org.eclipse.equinox.launcher\org.eclipse.equinox.launcher.win32.win32.x86_64_1.2.1300.v20250331-1702\eclipse_11911.dll
Event: 55.721 Loaded shared library C:\Users\Admin\AppData\Local\Temp\jna-63116079\jna8032191460509672526.dll
Event: 59.709 Loaded shared library C:\Users\Admin\.cursor\extensions\redhat.java-1.42.0-win32-x64\jre\21.0.7-win32-x86_64\bin\sunmscapi.dll
Event: 60.239 Loaded shared library C:\Users\Admin\.cursor\extensions\redhat.java-1.42.0-win32-x64\jre\21.0.7-win32-x86_64\bin\extnet.dll
Event: 67.668 Loaded shared library C:\Users\Admin\.gradle\native\c067742578af261105cb4f569cf0c3c89f3d7b1fecec35dd04571415982c5e48\windows-amd64\native-platform.dll
Event: 75.258 Loaded shared library C:\Users\Admin\.cursor\extensions\redhat.java-1.42.0-win32-x64\jre\21.0.7-win32-x86_64\bin\management.dll
Event: 75.786 Loaded shared library C:\Users\Admin\.cursor\extensions\redhat.java-1.42.0-win32-x64\jre\21.0.7-win32-x86_64\bin\management_ext.dll

Deoptimization events (20 events):
Event: 77.302 Thread 0x000001e08e62daf0 DEOPT PACKING pc=0x000001e03afa1a74 sp=0x0000003e754fe040
Event: 77.302 Thread 0x000001e08e62daf0 DEOPT UNPACKING pc=0x000001e03a606da2 sp=0x0000003e754fdfe0 mode 2
Event: 77.473 Thread 0x000001e08b89e7e0 DEOPT PACKING pc=0x000001e033f23bd7 sp=0x0000003e741fe480
Event: 77.473 Thread 0x000001e08b89e7e0 DEOPT UNPACKING pc=0x000001e03a6078e2 sp=0x0000003e741fd8e8 mode 0
Event: 77.473 Thread 0x000001e08b89e7e0 DEOPT PACKING pc=0x000001e033f3fc96 sp=0x0000003e741fe3f0
Event: 77.473 Thread 0x000001e08b89e7e0 DEOPT UNPACKING pc=0x000001e03a6078e2 sp=0x0000003e741fd8c8 mode 0
Event: 77.573 Thread 0x000001e08e62daf0 Uncommon trap: trap_request=0xffffff45 fr.pc=0x000001e03af0bab4 relative=0x0000000000000e34
Event: 77.573 Thread 0x000001e08e62daf0 Uncommon trap: reason=unstable_if action=reinterpret pc=0x000001e03af0bab4 method=java.io.WinNTFileSystem.resolve(Ljava/lang/String;Ljava/lang/String;)Ljava/lang/String; @ 19 c2
Event: 77.573 Thread 0x000001e08e62daf0 DEOPT PACKING pc=0x000001e03af0bab4 sp=0x0000003e754fe020
Event: 77.573 Thread 0x000001e08e62daf0 DEOPT UNPACKING pc=0x000001e03a606da2 sp=0x0000003e754fdfc8 mode 2
Event: 77.589 Thread 0x000001e08e62daf0 Uncommon trap: trap_request=0xffffff45 fr.pc=0x000001e03af4fef8 relative=0x0000000000000518
Event: 77.589 Thread 0x000001e08e62daf0 Uncommon trap: reason=unstable_if action=reinterpret pc=0x000001e03af4fef8 method=java.io.File.getName()Ljava/lang/String; @ 16 c2
Event: 77.589 Thread 0x000001e08e62daf0 DEOPT PACKING pc=0x000001e03af4fef8 sp=0x0000003e754fdff0
Event: 77.589 Thread 0x000001e08e62daf0 DEOPT UNPACKING pc=0x000001e03a606da2 sp=0x0000003e754fdfc0 mode 2
Event: 78.105 Thread 0x000001e08b89e7e0 DEOPT PACKING pc=0x000001e033f6d62c sp=0x0000003e741fea50
Event: 78.105 Thread 0x000001e08b89e7e0 DEOPT UNPACKING pc=0x000001e03a6078e2 sp=0x0000003e741fdf58 mode 0
Event: 78.339 Thread 0x000001e08b89e7e0 Uncommon trap: trap_request=0xffffffe4 fr.pc=0x000001e03afc7b5c relative=0x000000000000119c
Event: 78.339 Thread 0x000001e08b89e7e0 Uncommon trap: reason=range_check action=make_not_entrant pc=0x000001e03afc7b5c method=org.eclipse.jdt.internal.core.search.matching.ConstructorPattern.createDeclarationIndexKey([CI[C[[C[[CI[CII)[C @ 352 c2
Event: 78.339 Thread 0x000001e08b89e7e0 DEOPT PACKING pc=0x000001e03afc7b5c sp=0x0000003e741fe590
Event: 78.339 Thread 0x000001e08b89e7e0 DEOPT UNPACKING pc=0x000001e03a606da2 sp=0x0000003e741fe4d0 mode 2

Classes loaded (20 events):
Event: 76.444 Loading class java/nio/file/AtomicMoveNotSupportedException
Event: 76.446 Loading class java/nio/file/AtomicMoveNotSupportedException done
Event: 76.657 Loading class java/io/StreamCorruptedException
Event: 76.658 Loading class java/io/StreamCorruptedException done
Event: 76.674 Loading class java/util/concurrent/ConcurrentSkipListMap$EntrySet
Event: 76.675 Loading class java/util/concurrent/ConcurrentSkipListMap$EntrySet done
Event: 76.675 Loading class java/util/concurrent/ConcurrentSkipListMap$EntryIterator
Event: 76.685 Loading class java/util/concurrent/ConcurrentSkipListMap$EntryIterator done
Event: 76.812 Loading class java/lang/invoke/BoundMethodHandle$Species_LLLLLLLLLL
Event: 76.812 Loading class java/lang/invoke/BoundMethodHandle$Species_LLLLLLLLLL done
Event: 77.904 Loading class java/lang/ProcessBuilder
Event: 77.906 Loading class java/lang/ProcessBuilder done
Event: 77.912 Loading class java/lang/ProcessImpl
Event: 77.913 Loading class java/lang/ProcessImpl done
Event: 78.055 Loading class java/lang/ProcessImpl$2
Event: 78.055 Loading class java/lang/ProcessImpl$2 done
Event: 78.055 Loading class java/lang/Process$PipeInputStream
Event: 78.070 Loading class java/lang/Process$PipeInputStream done
Event: 78.109 Loading class jdk/internal/event/ProcessStartEvent
Event: 78.113 Loading class jdk/internal/event/ProcessStartEvent done

Classes unloaded (9 events):
Event: 56.947 Thread 0x000001e0442435f0 Unloading class 0x000001e04619d400 'java/lang/invoke/LambdaForm$MH+0x000001e04619d400'
Event: 56.947 Thread 0x000001e0442435f0 Unloading class 0x000001e04619d000 'java/lang/invoke/LambdaForm$MH+0x000001e04619d000'
Event: 56.947 Thread 0x000001e0442435f0 Unloading class 0x000001e04619cc00 'java/lang/invoke/LambdaForm$MH+0x000001e04619cc00'
Event: 56.947 Thread 0x000001e0442435f0 Unloading class 0x000001e04619c800 'java/lang/invoke/LambdaForm$MH+0x000001e04619c800'
Event: 56.947 Thread 0x000001e0442435f0 Unloading class 0x000001e04619c400 'java/lang/invoke/LambdaForm$BMH+0x000001e04619c400'
Event: 56.947 Thread 0x000001e0442435f0 Unloading class 0x000001e04619c000 'java/lang/invoke/LambdaForm$DMH+0x000001e04619c000'
Event: 56.947 Thread 0x000001e0442435f0 Unloading class 0x000001e04619ac00 'java/lang/invoke/LambdaForm$DMH+0x000001e04619ac00'
Event: 59.001 Thread 0x000001e0442435f0 Unloading class 0x000001e0462fe000 'java/lang/invoke/LambdaForm$DMH+0x000001e0462fe000'
Event: 59.001 Thread 0x000001e0442435f0 Unloading class 0x000001e0462fd400 'java/lang/invoke/LambdaForm$MH+0x000001e0462fd400'

Classes redefined (0 events):
No events

Internal exceptions (20 events):
Event: 64.004 Thread 0x000001e08e878df0 Exception <a 'java/lang/IncompatibleClassChangeError'{0x00000000eaf99d08}: Found class java.lang.Object, but interface was expected> (0x00000000eaf99d08) 
thrown [s\src\hotspot\share\interpreter\linkResolver.cpp, line 840]
Event: 64.836 Thread 0x000001e08b89f500 Implicit null exception at 0x000001e03adbac2a to 0x000001e03adbaef4
Event: 64.910 Thread 0x000001e08b89f500 Exception <a 'sun/nio/fs/WindowsException'{0x00000000eb51d590}> (0x00000000eb51d590) 
thrown [s\src\hotspot\share\prims\jni.cpp, line 520]
Event: 64.910 Thread 0x000001e08b89f500 Exception <a 'sun/nio/fs/WindowsException'{0x00000000eb51dca8}> (0x00000000eb51dca8) 
thrown [s\src\hotspot\share\prims\jni.cpp, line 520]
Event: 64.955 Thread 0x000001e08b89e7e0 Implicit null exception at 0x000001e03ae292da to 0x000001e03ae293d8
Event: 65.010 Thread 0x000001e08e876690 Exception <a 'java/lang/NoSuchMethodError'{0x00000000eba1de40}: 'int java.lang.invoke.DirectMethodHandle$Holder.invokeInterface(java.lang.Object, java.lang.Object)'> (0x00000000eba1de40) 
thrown [s\src\hotspot\share\interpreter\linkResolver.cpp, line 773]
Event: 65.011 Thread 0x000001e08e876690 Exception <a 'java/lang/IncompatibleClassChangeError'{0x00000000eba21320}: Found class java.lang.Object, but interface was expected> (0x00000000eba21320) 
thrown [s\src\hotspot\share\interpreter\linkResolver.cpp, line 840]
Event: 65.068 Thread 0x000001e08e876690 Exception <a 'java/lang/NoSuchMethodError'{0x00000000ebbb2bf8}: method resolution failed> (0x00000000ebbb2bf8) 
thrown [s\src\hotspot\share\prims\methodHandles.cpp, line 1144]
Event: 65.093 Thread 0x000001e08e876690 Exception <a 'sun/nio/fs/WindowsException'{0x00000000eab2d4d8}> (0x00000000eab2d4d8) 
thrown [s\src\hotspot\share\prims\jni.cpp, line 520]
Event: 65.093 Thread 0x000001e08e876690 Exception <a 'sun/nio/fs/WindowsException'{0x00000000eab2dad8}> (0x00000000eab2dad8) 
thrown [s\src\hotspot\share\prims\jni.cpp, line 520]
Event: 65.434 Thread 0x000001e08e876690 Exception <a 'java/lang/NoSuchMethodError'{0x00000000eacdbae0}: 'java.lang.Object java.lang.invoke.DirectMethodHandle$Holder.invokeVirtual(java.lang.Object, java.lang.Object, java.lang.Object, java.lang.Object)'> (0x00000000eacdbae0) 
thrown [s\src\hotspot\share\interpreter\linkResolver.cpp, line 773]
Event: 65.437 Thread 0x000001e08e876690 Exception <a 'java/lang/NoSuchMethodError'{0x00000000ead48178}: 'java.lang.Object java.lang.invoke.DirectMethodHandle$Holder.invokeVirtual(java.lang.Object, java.lang.Object, java.lang.Object, java.lang.Object, java.lang.Object)'> (0x00000000ead48178) 
thrown [s\src\hotspot\share\interpreter\linkResolver.cpp, line 773]
Event: 73.360 Thread 0x000001e08b89e7e0 Implicit null exception at 0x000001e03af0fe07 to 0x000001e03af1579c
Event: 73.505 Thread 0x000001e08e62daf0 Exception <a 'java/lang/NoSuchMethodError'{0x00000000eb02c810}: 'java.lang.Object java.lang.invoke.DirectMethodHandle$Holder.invokeVirtual(java.lang.Object, java.lang.Object, java.lang.Object, java.lang.Object, java.lang.Object, java.lang.Object)'> (0x00000000eb02c810) 
thrown [s\src\hotspot\share\interpreter\linkResolver.cpp, line 773]
Event: 74.235 Thread 0x000001e08e62daf0 Exception <a 'java/lang/NoSuchMethodError'{0x00000000eb1ba248}: 'java.lang.Object java.lang.invoke.DirectMethodHandle$Holder.invokeVirtual(java.lang.Object, java.lang.Object, java.lang.Object, java.lang.Object, java.lang.Object, java.lang.Object, java.lang.Object)'> (0x00000000eb1ba248) 
thrown [s\src\hotspot\share\interpreter\linkResolver.cpp, line 773]
Event: 74.470 Thread 0x000001e08e62daf0 Exception <a 'java/lang/NoClassDefFoundError'{0x00000000eaee1d88}: org/slf4j/impl/StaticMarkerBinder> (0x00000000eaee1d88) 
thrown [s\src\hotspot\share\classfile\systemDictionary.cpp, line 301]
Event: 76.476 Thread 0x000001e08e62daf0 Exception <a 'java/lang/NoSuchMethodError'{0x00000000eae473e8}: 'java.lang.Object java.lang.invoke.DirectMethodHandle$Holder.invokeVirtual(java.lang.Object, java.lang.Object, java.lang.Object, java.lang.Object, java.lang.Object, java.lang.Object, java.lang.Object, java.lang.Object)'> (0x00000000eae473e8) 
thrown [s\src\hotspot\share\interpreter\linkResolver.cpp, line 773]
Event: 76.803 Thread 0x000001e08e62daf0 Exception <a 'java/lang/NoSuchMethodError'{0x00000000eb1ad070}: 'java.lang.Object java.lang.invoke.DirectMethodHandle$Holder.invokeVirtual(java.lang.Object, java.lang.Object, java.lang.Object, java.lang.Object, java.lang.Object, java.lang.Object, java.lang.Object, java.lang.Object, java.lang.Object, java.lang.Object, java.lang.Object)'> (0x00000000eb1ad070) 
thrown [s\src\hotspot\share\interpreter\linkResolver.cpp, line 773]
Event: 76.814 Thread 0x000001e08e62daf0 Exception <a 'java/lang/NoSuchMethodError'{0x00000000eb2b6240}: 'java.lang.Object java.lang.invoke.DirectMethodHandle$Holder.invokeStatic(java.lang.Object, java.lang.Object, java.lang.Object, java.lang.Object, java.lang.Object, java.lang.Object, java.lang.Object, java.lang.Object, java.lang.Object, java.lang.Object, java.lang.Object, java.lang.Object, java.lang.Object)'> (0x00000000eb2b6240) 
thrown [s\src\hotspot\share\interpreter\linkResolver.cpp, line 773]
Event: 78.045 Thread 0x000001e08e62eea0 Exception <a 'java/lang/NoSuchMethodError'{0x00000000eb3bdf68}: 'void java.lang.invoke.DirectMethodHandle$Holder.invokeStatic(java.lang.Object, long)'> (0x00000000eb3bdf68) 
thrown [s\src\hotspot\share\interpreter\linkResolver.cpp, line 773]

ZGC Phase Switch (0 events):
No events

VM Operations (20 events):
Event: 77.028 Executing VM operation: ParallelGCFailedAllocation (Allocation Failure)
Event: 77.042 Executing VM operation: ParallelGCFailedAllocation (Allocation Failure) done
Event: 77.355 Executing VM operation: ParallelGCFailedAllocation (Allocation Failure)
Event: 77.370 Executing VM operation: ParallelGCFailedAllocation (Allocation Failure) done
Event: 77.673 Executing VM operation: ParallelGCFailedAllocation (Allocation Failure)
Event: 77.676 Executing VM operation: ParallelGCFailedAllocation (Allocation Failure) done
Event: 77.825 Executing VM operation: ParallelGCFailedAllocation (Allocation Failure)
Event: 77.829 Executing VM operation: ParallelGCFailedAllocation (Allocation Failure) done
Event: 78.056 Executing VM operation: ParallelGCFailedAllocation (Allocation Failure)
Event: 78.069 Executing VM operation: ParallelGCFailedAllocation (Allocation Failure) done
Event: 78.095 Executing VM operation: HandshakeAllThreads (Deoptimize)
Event: 78.108 Executing VM operation: HandshakeAllThreads (Deoptimize) done
Event: 78.318 Executing VM operation: ParallelGCFailedAllocation (Allocation Failure)
Event: 78.321 Executing VM operation: ParallelGCFailedAllocation (Allocation Failure) done
Event: 78.469 Executing VM operation: ParallelGCFailedAllocation (Allocation Failure)
Event: 78.471 Executing VM operation: ParallelGCFailedAllocation (Allocation Failure) done
Event: 78.871 Executing VM operation: ParallelGCFailedAllocation (Allocation Failure)
Event: 78.888 Executing VM operation: ParallelGCFailedAllocation (Allocation Failure) done
Event: 79.056 Executing VM operation: ParallelGCFailedAllocation (Allocation Failure)
Event: 79.991 Executing VM operation: ParallelGCFailedAllocation (Allocation Failure) done

Memory protections (0 events):
No events

Nmethod flushes (20 events):
Event: 67.768 Thread 0x000001e0442435f0 flushing  nmethod 0x000001e0339fb690
Event: 67.768 Thread 0x000001e0442435f0 flushing  nmethod 0x000001e0339fbf10
Event: 67.768 Thread 0x000001e0442435f0 flushing  nmethod 0x000001e0339fc310
Event: 67.768 Thread 0x000001e0442435f0 flushing  nmethod 0x000001e0339fc690
Event: 67.768 Thread 0x000001e0442435f0 flushing  nmethod 0x000001e0339fd590
Event: 67.768 Thread 0x000001e0442435f0 flushing  nmethod 0x000001e0339fd910
Event: 67.768 Thread 0x000001e0442435f0 flushing  nmethod 0x000001e0339fdd10
Event: 67.768 Thread 0x000001e0442435f0 flushing  nmethod 0x000001e0339fe290
Event: 67.768 Thread 0x000001e0442435f0 flushing  nmethod 0x000001e033a08090
Event: 67.768 Thread 0x000001e0442435f0 flushing  nmethod 0x000001e033a08690
Event: 67.768 Thread 0x000001e0442435f0 flushing  nmethod 0x000001e033a09c10
Event: 67.768 Thread 0x000001e0442435f0 flushing  nmethod 0x000001e033a34490
Event: 67.768 Thread 0x000001e0442435f0 flushing  nmethod 0x000001e033a34e90
Event: 67.768 Thread 0x000001e0442435f0 flushing  nmethod 0x000001e033a35290
Event: 67.768 Thread 0x000001e0442435f0 flushing  nmethod 0x000001e033a36510
Event: 67.768 Thread 0x000001e0442435f0 flushing  nmethod 0x000001e033a37010
Event: 67.768 Thread 0x000001e0442435f0 flushing  nmethod 0x000001e033a37910
Event: 67.768 Thread 0x000001e0442435f0 flushing  nmethod 0x000001e033a37d10
Event: 67.768 Thread 0x000001e0442435f0 flushing  nmethod 0x000001e033a3aa10
Event: 67.768 Thread 0x000001e0442435f0 flushing  nmethod 0x000001e033a3f190

Events (20 events):
Event: 58.941 Thread 0x000001e02fe9f580 Thread added: 0x000001e08e87a830
Event: 58.941 Thread 0x000001e02fe9f580 Thread added: 0x000001e08e878760
Event: 58.941 Thread 0x000001e02fe9f580 Thread added: 0x000001e08e8773b0
Event: 58.943 Thread 0x000001e02fe9f580 Thread added: 0x000001e08e87aec0
Event: 58.943 Thread 0x000001e02fe9f580 Thread added: 0x000001e08e877a40
Event: 58.943 Thread 0x000001e02fe9f580 Thread added: 0x000001e08e87c270
Event: 58.943 Thread 0x000001e02fe9f580 Thread added: 0x000001e08e87a1a0
Event: 58.986 Thread 0x000001e02fe9f580 Thread added: 0x000001e08e87b550
Event: 59.464 Thread 0x000001e02fe9f580 Thread added: 0x000001e08e87bbe0
Event: 59.465 Thread 0x000001e02fe9f580 Thread added: 0x000001e08e878df0
Event: 61.393 Thread 0x000001e08b89f500 Thread added: 0x000001e08e879480
Event: 61.401 Thread 0x000001e08e879480 Thread exited: 0x000001e08e879480
Event: 61.590 Thread 0x000001e08b89f500 Thread added: 0x000001e08e87c900
Event: 62.091 Thread 0x000001e08b89ee70 Thread exited: 0x000001e08b89ee70
Event: 65.325 Thread 0x000001e08e876690 Thread added: 0x000001e08e62e180
Event: 65.586 Thread 0x000001e08e876690 Thread added: 0x000001e08e62daf0
Event: 76.638 Thread 0x000001e08e87c900 Thread exited: 0x000001e08e87c900
Event: 77.895 Thread 0x000001e08e62daf0 Thread added: 0x000001e08e62eea0
Event: 78.117 Thread 0x000001e08e62eea0 Thread added: 0x000001e08e62cdd0
Event: 78.120 Thread 0x000001e08e62eea0 Thread added: 0x000001e08e62d460


Dynamic libraries:
0x00007ff730d20000 - 0x00007ff730d2e000 	c:\Users\Admin\.cursor\extensions\redhat.java-1.42.0-win32-x64\jre\21.0.7-win32-x86_64\bin\java.exe
0x00007ffe025a0000 - 0x00007ffe02806000 	C:\WINDOWS\SYSTEM32\ntdll.dll
0x00007ffe01060000 - 0x00007ffe01129000 	C:\WINDOWS\System32\KERNEL32.DLL
0x00007ffdff8b0000 - 0x00007ffdffc7c000 	C:\WINDOWS\System32\KERNELBASE.dll
0x00007ffdfc290000 - 0x00007ffdfc32e000 	C:\WINDOWS\SYSTEM32\apphelp.dll
0x00007ffdffd60000 - 0x00007ffdffeab000 	C:\WINDOWS\System32\ucrtbase.dll
0x00007ffdc9d50000 - 0x00007ffdc9d68000 	c:\Users\Admin\.cursor\extensions\redhat.java-1.42.0-win32-x64\jre\21.0.7-win32-x86_64\bin\jli.dll
0x00007ffe00c40000 - 0x00007ffe00e0a000 	C:\WINDOWS\System32\USER32.dll
0x00007ffdffc80000 - 0x00007ffdffca7000 	C:\WINDOWS\System32\win32u.dll
0x00007ffe02460000 - 0x00007ffe0248b000 	C:\WINDOWS\System32\GDI32.dll
0x00007ffdc9d70000 - 0x00007ffdc9d8e000 	c:\Users\Admin\.cursor\extensions\redhat.java-1.42.0-win32-x64\jre\21.0.7-win32-x86_64\bin\VCRUNTIME140.dll
0x00007ffe00220000 - 0x00007ffe00352000 	C:\WINDOWS\System32\gdi32full.dll
0x00007ffdffcb0000 - 0x00007ffdffd53000 	C:\WINDOWS\System32\msvcp_win.dll
0x00007ffde0d40000 - 0x00007ffde0fda000 	C:\WINDOWS\WinSxS\amd64_microsoft.windows.common-controls_6595b64144ccf1df_6.0.26100.3912_none_3e07963ce335137e\COMCTL32.dll
0x00007ffe02490000 - 0x00007ffe02539000 	C:\WINDOWS\System32\msvcrt.dll
0x00007ffe00f20000 - 0x00007ffe00f50000 	C:\WINDOWS\System32\IMM32.DLL
0x00007ffdfa500000 - 0x00007ffdfa50c000 	c:\Users\Admin\.cursor\extensions\redhat.java-1.42.0-win32-x64\jre\21.0.7-win32-x86_64\bin\vcruntime140_1.dll
0x00007ffdbb270000 - 0x00007ffdbb2fd000 	c:\Users\Admin\.cursor\extensions\redhat.java-1.42.0-win32-x64\jre\21.0.7-win32-x86_64\bin\msvcp140.dll
0x00007ffd45a00000 - 0x00007ffd46790000 	c:\Users\Admin\.cursor\extensions\redhat.java-1.42.0-win32-x64\jre\21.0.7-win32-x86_64\bin\server\jvm.dll
0x00007ffe01130000 - 0x00007ffe011e2000 	C:\WINDOWS\System32\ADVAPI32.dll
0x00007ffe00850000 - 0x00007ffe008f6000 	C:\WINDOWS\System32\sechost.dll
0x00007ffe01590000 - 0x00007ffe016a6000 	C:\WINDOWS\System32\RPCRT4.dll
0x00007ffe00bc0000 - 0x00007ffe00c34000 	C:\WINDOWS\System32\WS2_32.dll
0x00007ffdff5a0000 - 0x00007ffdff5fe000 	C:\WINDOWS\SYSTEM32\POWRPROF.dll
0x00007ffdf57e0000 - 0x00007ffdf5816000 	C:\WINDOWS\SYSTEM32\WINMM.dll
0x00007ffdf8440000 - 0x00007ffdf844b000 	C:\WINDOWS\SYSTEM32\VERSION.dll
0x00007ffdff580000 - 0x00007ffdff594000 	C:\WINDOWS\SYSTEM32\UMPDC.dll
0x00007ffdfe4f0000 - 0x00007ffdfe50a000 	C:\WINDOWS\SYSTEM32\kernel.appcore.dll
0x00007ffde4310000 - 0x00007ffde431a000 	c:\Users\Admin\.cursor\extensions\redhat.java-1.42.0-win32-x64\jre\21.0.7-win32-x86_64\bin\jimage.dll
0x00007ffdfcdc0000 - 0x00007ffdfd001000 	C:\WINDOWS\SYSTEM32\DBGHELP.DLL
0x00007ffe01ea0000 - 0x00007ffe02224000 	C:\WINDOWS\System32\combase.dll
0x00007ffe00a20000 - 0x00007ffe00b00000 	C:\WINDOWS\System32\OLEAUT32.dll
0x00007ffddf820000 - 0x00007ffddf859000 	C:\WINDOWS\SYSTEM32\dbgcore.DLL
0x00007ffdfff40000 - 0x00007ffdfffd9000 	C:\WINDOWS\System32\bcryptPrimitives.dll
0x00007ffde24b0000 - 0x00007ffde24bf000 	c:\Users\Admin\.cursor\extensions\redhat.java-1.42.0-win32-x64\jre\21.0.7-win32-x86_64\bin\instrument.dll
0x00007ffdc9350000 - 0x00007ffdc936f000 	c:\Users\Admin\.cursor\extensions\redhat.java-1.42.0-win32-x64\jre\21.0.7-win32-x86_64\bin\java.dll
0x00007ffe01770000 - 0x00007ffe01e9d000 	C:\WINDOWS\System32\SHELL32.dll
0x00007ffdff730000 - 0x00007ffdff8a4000 	C:\WINDOWS\System32\wintypes.dll
0x00007ffdfd370000 - 0x00007ffdfdbc6000 	C:\WINDOWS\SYSTEM32\windows.storage.dll
0x00007ffe00f60000 - 0x00007ffe0104f000 	C:\WINDOWS\System32\SHCORE.dll
0x00007ffe01700000 - 0x00007ffe01769000 	C:\WINDOWS\System32\shlwapi.dll
0x00007ffdff640000 - 0x00007ffdff66f000 	C:\WINDOWS\SYSTEM32\profapi.dll
0x00007ffdc91d0000 - 0x00007ffdc91e8000 	c:\Users\Admin\.cursor\extensions\redhat.java-1.42.0-win32-x64\jre\21.0.7-win32-x86_64\bin\zip.dll
0x00007ffde3fa0000 - 0x00007ffde3fb0000 	C:\Users\Admin\.cursor\extensions\redhat.java-1.42.0-win32-x64\jre\21.0.7-win32-x86_64\bin\net.dll
0x00007ffdf8980000 - 0x00007ffdf8a9e000 	C:\WINDOWS\SYSTEM32\WINHTTP.dll
0x00007ffdfea60000 - 0x00007ffdfeaca000 	C:\WINDOWS\system32\mswsock.dll
0x00007ffdc9170000 - 0x00007ffdc9186000 	C:\Users\Admin\.cursor\extensions\redhat.java-1.42.0-win32-x64\jre\21.0.7-win32-x86_64\bin\nio.dll
0x00007ffdd1900000 - 0x00007ffdd1910000 	c:\Users\Admin\.cursor\extensions\redhat.java-1.42.0-win32-x64\jre\21.0.7-win32-x86_64\bin\verify.dll
0x00007ffdc07b0000 - 0x00007ffdc07f5000 	C:\Users\Admin\AppData\Roaming\Cursor\User\globalStorage\redhat.java\1.42.0\config_win\org.eclipse.equinox.launcher\org.eclipse.equinox.launcher.win32.win32.x86_64_1.2.1300.v20250331-1702\eclipse_11911.dll
0x00007ffe02230000 - 0x00007ffe023cf000 	C:\WINDOWS\System32\ole32.dll
0x00007ffdfed00000 - 0x00007ffdfed1c000 	C:\WINDOWS\SYSTEM32\CRYPTSP.dll
0x00007ffdfe450000 - 0x00007ffdfe48a000 	C:\WINDOWS\system32\rsaenh.dll
0x00007ffdfeb00000 - 0x00007ffdfeb2b000 	C:\WINDOWS\SYSTEM32\USERENV.dll
0x00007ffdff610000 - 0x00007ffdff636000 	C:\WINDOWS\SYSTEM32\bcrypt.dll
0x00007ffdfed20000 - 0x00007ffdfed2c000 	C:\WINDOWS\SYSTEM32\CRYPTBASE.dll
0x00007ffdfdf40000 - 0x00007ffdfdf73000 	C:\WINDOWS\SYSTEM32\IPHLPAPI.DLL
0x00007ffe01550000 - 0x00007ffe0155a000 	C:\WINDOWS\System32\NSI.dll
0x00007ffda0a30000 - 0x00007ffda0a79000 	C:\Users\Admin\AppData\Local\Temp\jna-63116079\jna8032191460509672526.dll
0x00007ffe01540000 - 0x00007ffe01548000 	C:\WINDOWS\System32\PSAPI.DLL
0x00007ffdf94f0000 - 0x00007ffdf950f000 	C:\WINDOWS\SYSTEM32\dhcpcsvc6.DLL
0x00007ffdf9490000 - 0x00007ffdf94b5000 	C:\WINDOWS\SYSTEM32\dhcpcsvc.DLL
0x00007ffddc960000 - 0x00007ffddc96e000 	C:\Users\Admin\.cursor\extensions\redhat.java-1.42.0-win32-x64\jre\21.0.7-win32-x86_64\bin\sunmscapi.dll
0x00007ffe000a0000 - 0x00007ffe00217000 	C:\WINDOWS\System32\CRYPT32.dll
0x00007ffdfef10000 - 0x00007ffdfef40000 	C:\WINDOWS\SYSTEM32\ncrypt.dll
0x00007ffdfeec0000 - 0x00007ffdfeeff000 	C:\WINDOWS\SYSTEM32\NTASN1.dll
0x00007ffdfdfe0000 - 0x00007ffdfe107000 	C:\WINDOWS\SYSTEM32\DNSAPI.dll
0x00007ffdf8450000 - 0x00007ffdf845b000 	C:\Windows\System32\rasadhlp.dll
0x00007ffdf9670000 - 0x00007ffdf96f6000 	C:\WINDOWS\System32\fwpuclnt.dll
0x00007ffddc950000 - 0x00007ffddc959000 	C:\Users\Admin\.cursor\extensions\redhat.java-1.42.0-win32-x64\jre\21.0.7-win32-x86_64\bin\extnet.dll
0x00007ffdd1980000 - 0x00007ffdd19a7000 	C:\Users\Admin\.gradle\native\c067742578af261105cb4f569cf0c3c89f3d7b1fecec35dd04571415982c5e48\windows-amd64\native-platform.dll
0x00007ffddc980000 - 0x00007ffddc98a000 	C:\Users\Admin\.cursor\extensions\redhat.java-1.42.0-win32-x64\jre\21.0.7-win32-x86_64\bin\management.dll
0x00007ffddc970000 - 0x00007ffddc97b000 	C:\Users\Admin\.cursor\extensions\redhat.java-1.42.0-win32-x64\jre\21.0.7-win32-x86_64\bin\management_ext.dll

dbghelp: loaded successfully - version: 4.0.5 - missing functions: none
symbol engine: initialized successfully - sym options: 0x614 - pdb path: .;c:\Users\Admin\.cursor\extensions\redhat.java-1.42.0-win32-x64\jre\21.0.7-win32-x86_64\bin;C:\WINDOWS\SYSTEM32;C:\WINDOWS\WinSxS\amd64_microsoft.windows.common-controls_6595b64144ccf1df_6.0.26100.3912_none_3e07963ce335137e;c:\Users\Admin\.cursor\extensions\redhat.java-1.42.0-win32-x64\jre\21.0.7-win32-x86_64\bin\server;C:\Users\Admin\AppData\Roaming\Cursor\User\globalStorage\redhat.java\1.42.0\config_win\org.eclipse.equinox.launcher\org.eclipse.equinox.launcher.win32.win32.x86_64_1.2.1300.v20250331-1702;C:\Users\Admin\AppData\Local\Temp\jna-63116079;C:\Users\Admin\.gradle\native\c067742578af261105cb4f569cf0c3c89f3d7b1fecec35dd04571415982c5e48\windows-amd64

VM Arguments:
jvm_args: --add-modules=ALL-SYSTEM --add-opens=java.base/java.util=ALL-UNNAMED --add-opens=java.base/java.lang=ALL-UNNAMED --add-opens=java.base/sun.nio.fs=ALL-UNNAMED -Declipse.application=org.eclipse.jdt.ls.core.id1 -Dosgi.bundles.defaultStartLevel=4 -Declipse.product=org.eclipse.jdt.ls.core.product -Djava.import.generatesMetadataFilesAtProjectRoot=false -DDetectVMInstallationsJob.disabled=true -Dfile.encoding=utf8 -XX:+UseParallelGC -XX:GCTimeRatio=4 -XX:AdaptiveSizePolicyWeight=90 -Dsun.zip.disableMemoryMapping=true -Xmx1G -Xms100m -Xlog:disable -javaagent:c:\Users\Admin\.cursor\extensions\redhat.java-1.42.0-win32-x64\lombok\lombok-1.18.36.jar -XX:+HeapDumpOnOutOfMemoryError -XX:HeapDumpPath=c:\Users\Admin\AppData\Roaming\Cursor\User\workspaceStorage\35a13e1e22052e2fb17af876c25c1fbc\redhat.java -Daether.dependencyCollector.impl=bf 
java_command: c:\Users\Admin\.cursor\extensions\redhat.java-1.42.0-win32-x64\server\plugins\org.eclipse.equinox.launcher_1.7.0.v20250424-1814.jar -configuration c:\Users\Admin\AppData\Roaming\Cursor\User\globalStorage\redhat.java\1.42.0\config_win -data c:\Users\Admin\AppData\Roaming\Cursor\User\workspaceStorage\35a13e1e22052e2fb17af876c25c1fbc\redhat.java\jdt_ws --pipe=\\.\pipe\lsp-87548476306d690076df225b093d69a1-sock
java_class_path (initial): c:\Users\Admin\.cursor\extensions\redhat.java-1.42.0-win32-x64\server\plugins\org.eclipse.equinox.launcher_1.7.0.v20250424-1814.jar
Launcher Type: SUN_STANDARD

[Global flags]
    uintx AdaptiveSizePolicyWeight                 = 90                                        {product} {command line}
     intx CICompilerCount                          = 4                                         {product} {ergonomic}
    uintx GCTimeRatio                              = 4                                         {product} {command line}
     bool HeapDumpOnOutOfMemoryError               = true                                   {manageable} {command line}
    ccstr HeapDumpPath                             = c:\Users\Admin\AppData\Roaming\Cursor\User\workspaceStorage\35a13e1e22052e2fb17af876c25c1fbc\redhat.java         {manageable} {command line}
   size_t InitialHeapSize                          = 104857600                                 {product} {command line}
   size_t MaxHeapSize                              = 1073741824                                {product} {command line}
   size_t MaxNewSize                               = 357564416                                 {product} {ergonomic}
   size_t MinHeapDeltaBytes                        = 524288                                    {product} {ergonomic}
   size_t MinHeapSize                              = 104857600                                 {product} {command line}
   size_t NewSize                                  = 34603008                                  {product} {ergonomic}
    uintx NonNMethodCodeHeapSize                   = 5839372                                {pd product} {ergonomic}
    uintx NonProfiledCodeHeapSize                  = 122909434                              {pd product} {ergonomic}
   size_t OldSize                                  = 70254592                                  {product} {ergonomic}
    uintx ProfiledCodeHeapSize                     = 122909434                              {pd product} {ergonomic}
    uintx ReservedCodeCacheSize                    = 251658240                              {pd product} {ergonomic}
     bool SegmentedCodeCache                       = true                                      {product} {ergonomic}
   size_t SoftMaxHeapSize                          = 1073741824                             {manageable} {ergonomic}
     bool UseCompressedOops                        = true                           {product lp64_product} {ergonomic}
     bool UseLargePagesIndividualAllocation        = false                                  {pd product} {ergonomic}
     bool UseParallelGC                            = true                                      {product} {command line}

Logging:
Log output configuration:
 #0: stdout all=off uptime,level,tags foldmultilines=false
 #1: stderr all=off uptime,level,tags foldmultilines=false

Environment Variables:
JAVA_HOME=C:\Program Files\Eclipse Adoptium\jdk-17.0.14.7-hotspot\
PATH=C:\Program Files\Eclipse Adoptium\jdk-17.0.14.7-hotspot\bin;C:\Program Files\IBM\ILOG\CPLEX_Studio2212\opl\bin\x64_win64;C:\Program Files\IBM\ILOG\CPLEX_Studio2212\opl\oplide\;C:\Program Files\IBM\ILOG\CPLEX_Studio2212\cplex\bin\x64_win64;C:\Program Files\IBM\ILOG\CPLEX_Studio2212\cpoptimizer\bin\x64_win64;C:\gurobi1201\win64\bin;C:\Program Files\MySQL\MySQL Server 8.4\bin;C:\Program Files\PostgreSQL\17\bin;C:\WINDOWS\system32;C:\WINDOWS;C:\WINDOWS\System32\Wbem;C:\WINDOWS\System32\WindowsPowerShell\v1.0\;C:\WINDOWS\System32\OpenSSH\;C:\Users\Admin\AppData\Local\Programs\Python\Python310\Scripts\;C:\Users\Admin\AppData\Local\Programs\Python\Python310\;C:\Users\Admin\AppData\Local\Microsoft\WindowsApps;C:\Users\Admin\AppData\Local\Programs\Microsoft VS Code\bin;C:\Users\Admin\AppData\Roaming\npm;C:\Program Files\PostgreSQL\17\bin;C:\Program Files\PostgreSQL\17\lib;C:\Program Files\PostgreSQL\17\;C:\Program Files\nodejs;C:\Windows\System32;C:\Program Files\MySQL\MySQL Server 8.4\bin;C:\Program Files\MySQL\MySQL Server 8.0\bin;D:\cursor\resources\app\bin;;D:\DataGrip\DataGrip 2025.1.2\bin;;D:\IntelliJ\IntelliJ IDEA 2025.1.1.1\bin;
USERNAME=Admin
OS=Windows_NT
PROCESSOR_IDENTIFIER=Intel64 Family 6 Model 140 Stepping 1, GenuineIntel
TMP=C:\Users\Admin\AppData\Local\Temp
TEMP=C:\Users\Admin\AppData\Local\Temp




Periodic native trim disabled

---------------  S Y S T E M  ---------------

OS:
 Windows 11 , 64 bit Build 26100 (10.0.26100.3912)
OS uptime: 3 days 3:41 hours
Hyper-V role detected

CPU: total 8 (initial active 8) (4 cores per cpu, 2 threads per core) family 6 model 140 stepping 1 microcode 0x86, cx8, cmov, fxsr, ht, mmx, 3dnowpref, sse, sse2, sse3, ssse3, sse4.1, sse4.2, popcnt, lzcnt, tsc, tscinvbit, avx, avx2, aes, erms, clmul, bmi1, bmi2, adx, avx512f, avx512dq, avx512cd, avx512bw, avx512vl, sha, fma, vzeroupper, avx512_vpopcntdq, avx512_vpclmulqdq, avx512_vaes, avx512_vnni, clflush, clflushopt, clwb, avx512_vbmi2, avx512_vbmi, hv, rdtscp, rdpid, fsrm, gfni, avx512_bitalg, f16c, cet_ibt, cet_ss, avx512_ifma
Processor Information for processor 0
  Max Mhz: 2419, Current Mhz: 2419, Mhz Limit: 2419
Processor Information for processor 1
  Max Mhz: 2419, Current Mhz: 2419, Mhz Limit: 2419
Processor Information for processor 2
  Max Mhz: 2419, Current Mhz: 2419, Mhz Limit: 2419
Processor Information for processor 3
  Max Mhz: 2419, Current Mhz: 2419, Mhz Limit: 2419
Processor Information for processor 4
  Max Mhz: 2419, Current Mhz: 2419, Mhz Limit: 2419
Processor Information for processor 5
  Max Mhz: 2419, Current Mhz: 2419, Mhz Limit: 2419
Processor Information for processor 6
  Max Mhz: 2419, Current Mhz: 2419, Mhz Limit: 2419
Processor Information for processor 7
  Max Mhz: 2419, Current Mhz: 1209, Mhz Limit: 2419

Memory: 4k page, system-wide physical 7957M (1M free)
TotalPageFile size 22501M (AvailPageFile size 10M)
current process WorkingSet (physical memory assigned to process): 200M, peak: 269M
current process commit charge ("private bytes"): 386M, peak: 386M

vm_info: OpenJDK 64-Bit Server VM (21.0.7+6-LTS) for windows-amd64 JRE (21.0.7+6-LTS), built on 2025-04-15T00:00:00Z by "admin" with MS VC++ 17.7 (VS2022)

END.
